Traceback (most recent call last):
  File "/home/user/webapp/run.py", line 1, in <module>
    from src.app import app
  File "/home/user/webapp/src/app.py", line 1, in <module>
    from flask import Flask, render_template, request, jsonify
ModuleNotFoundError: No module named 'flask'
Traceback (most recent call last):
  File "/home/user/webapp/run.py", line 1, in <module>
    from src.app import app
  File "/home/user/webapp/src/app.py", line 1, in <module>
    from flask import Flask, render_template, request, jsonify
ModuleNotFoundError: No module named 'flask'
Traceback (most recent call last):
  File "/home/user/webapp/run.py", line 1, in <module>
    from src.app import app
  File "/home/user/webapp/src/app.py", line 1, in <module>
    from flask import Flask, render_template, request, jsonify
ModuleNotFoundError: No module named 'flask'
Traceback (most recent call last):
  File "/home/user/webapp/run.py", line 1, in <module>
    from src.app import app
  File "/home/user/webapp/src/app.py", line 1, in <module>
    from flask import Flask, render_template, request, jsonify
ModuleNotFoundError: No module named 'flask'
Traceback (most recent call last):
  File "/home/user/webapp/run.py", line 1, in <module>
    from src.app import app
  File "/home/user/webapp/src/app.py", line 1, in <module>
    from flask import Flask, render_template, request, jsonify
ModuleNotFoundError: No module named 'flask'
Traceback (most recent call last):
  File "/home/user/webapp/run.py", line 1, in <module>
    from src.app import app
  File "/home/user/webapp/src/app.py", line 1, in <module>
    from flask import Flask, render_template, request, jsonify
ModuleNotFoundError: No module named 'flask'
Traceback (most recent call last):
  File "/home/user/webapp/run.py", line 1, in <module>
    from src.app import app
  File "/home/user/webapp/src/app.py", line 1, in <module>
    from flask import Flask, render_template, request, jsonify
ModuleNotFoundError: No module named 'flask'
Traceback (most recent call last):
  File "/home/user/webapp/run.py", line 1, in <module>
    from src.app import app
  File "/home/user/webapp/src/app.py", line 1, in <module>
    from flask import Flask, render_template, request, jsonify
ModuleNotFoundError: No module named 'flask'
Traceback (most recent call last):
  File "/home/user/webapp/run.py", line 1, in <module>
    from src.app import app
  File "/home/user/webapp/src/app.py", line 1, in <module>
    from flask import Flask, render_template, request, jsonify
ModuleNotFoundError: No module named 'flask'
Traceback (most recent call last):
  File "/home/user/webapp/run.py", line 1, in <module>
    from src.app import app
  File "/home/user/webapp/src/app.py", line 1, in <module>
    from flask import Flask, render_template, request, jsonify
ModuleNotFoundError: No module named 'flask'
Traceback (most recent call last):
  File "/home/user/webapp/run.py", line 1, in <module>
    from src.app import app
  File "/home/user/webapp/src/app.py", line 1, in <module>
    from flask import Flask, render_template, request, jsonify
ModuleNotFoundError: No module named 'flask'
Traceback (most recent call last):
  File "/home/user/webapp/run.py", line 1, in <module>
    from src.app import app
  File "/home/user/webapp/src/app.py", line 2, in <module>
    from .basketball_betting_helper import BasketballBettingHelper
  File "/home/user/webapp/src/basketball_betting_helper.py", line 14, in <module>
    from .parlay_optimizer import ParlayOptimizer 
    ^^^^^^^^^^^^^^^^^^^^^^^^^^^^^^^^^^^^^^^^^^^^^
  File "/home/user/webapp/src/parlay_optimizer.py", line 68
    return {'error': f'Error analyzing parlays: {str(e)}'}\n    
                                                           ^
SyntaxError: unexpected character after line continuation character
Traceback (most recent call last):
  File "/home/user/webapp/run.py", line 1, in <module>
    from src.app import app
  File "/home/user/webapp/src/app.py", line 2, in <module>
    from .basketball_betting_helper import BasketballBettingHelper
  File "/home/user/webapp/src/basketball_betting_helper.py", line 14, in <module>
    from .parlay_optimizer import ParlayOptimizer 
    ^^^^^^^^^^^^^^^^^^^^^^^^^^^^^^^^^^^^^^^^^^^^^
  File "/home/user/webapp/src/parlay_optimizer.py", line 68
    return {'error': f'Error analyzing parlays: {str(e)}'}\n    
                                                           ^
SyntaxError: unexpected character after line continuation character
Traceback (most recent call last):
  File "/home/user/webapp/run.py", line 1, in <module>
    from src.app import app
  File "/home/user/webapp/src/app.py", line 2, in <module>
    from .basketball_betting_helper import BasketballBettingHelper
  File "/home/user/webapp/src/basketball_betting_helper.py", line 14, in <module>
    from .parlay_optimizer import ParlayOptimizer 
    ^^^^^^^^^^^^^^^^^^^^^^^^^^^^^^^^^^^^^^^^^^^^^
  File "/home/user/webapp/src/parlay_optimizer.py", line 68
    return {'error': f'Error analyzing parlays: {str(e)}'}\n    
                                                           ^
SyntaxError: unexpected character after line continuation character
Traceback (most recent call last):
  File "/home/user/webapp/run.py", line 1, in <module>
    from src.app import app
  File "/home/user/webapp/src/app.py", line 2, in <module>
    from .basketball_betting_helper import BasketballBettingHelper
  File "/home/user/webapp/src/basketball_betting_helper.py", line 14, in <module>
    from .parlay_optimizer import ParlayOptimizer 
    ^^^^^^^^^^^^^^^^^^^^^^^^^^^^^^^^^^^^^^^^^^^^^
  File "/home/user/webapp/src/parlay_optimizer.py", line 68
    return {'error': f'Error analyzing parlays: {str(e)}'}\n    
                                                           ^
SyntaxError: unexpected character after line continuation character
Traceback (most recent call last):
  File "/home/user/webapp/run.py", line 1, in <module>
    from src.app import app
  File "/home/user/webapp/src/app.py", line 2, in <module>
    from .basketball_betting_helper import BasketballBettingHelper
  File "/home/user/webapp/src/basketball_betting_helper.py", line 14, in <module>
    from .parlay_optimizer import ParlayOptimizer 
    ^^^^^^^^^^^^^^^^^^^^^^^^^^^^^^^^^^^^^^^^^^^^^
  File "/home/user/webapp/src/parlay_optimizer.py", line 68
    return {'error': f'Error analyzing parlays: {str(e)}'}\n    
                                                           ^
SyntaxError: unexpected character after line continuation character
Traceback (most recent call last):
  File "/home/user/webapp/run.py", line 1, in <module>
    from src.app import app
  File "/home/user/webapp/src/app.py", line 2, in <module>
    from .basketball_betting_helper import BasketballBettingHelper
  File "/home/user/webapp/src/basketball_betting_helper.py", line 14, in <module>
    from .parlay_optimizer import ParlayOptimizer 
    ^^^^^^^^^^^^^^^^^^^^^^^^^^^^^^^^^^^^^^^^^^^^^
  File "/home/user/webapp/src/parlay_optimizer.py", line 68
    return {'error': f'Error analyzing parlays: {str(e)}'}\n    
                                                           ^
SyntaxError: unexpected character after line continuation character
Traceback (most recent call last):
  File "/home/user/webapp/run.py", line 1, in <module>
    from src.app import app
  File "/home/user/webapp/src/app.py", line 2, in <module>
    from .basketball_betting_helper import BasketballBettingHelper
  File "/home/user/webapp/src/basketball_betting_helper.py", line 14, in <module>
    from .parlay_optimizer import ParlayOptimizer 
    ^^^^^^^^^^^^^^^^^^^^^^^^^^^^^^^^^^^^^^^^^^^^^
  File "/home/user/webapp/src/parlay_optimizer.py", line 68
    return {'error': f'Error analyzing parlays: {str(e)}'}\n    
                                                           ^
SyntaxError: unexpected character after line continuation character
Traceback (most recent call last):
  File "/home/user/webapp/run.py", line 1, in <module>
    from src.app import app
  File "/home/user/webapp/src/app.py", line 2, in <module>
    from .basketball_betting_helper import BasketballBettingHelper
  File "/home/user/webapp/src/basketball_betting_helper.py", line 14, in <module>
    from .parlay_optimizer import ParlayOptimizer 
    ^^^^^^^^^^^^^^^^^^^^^^^^^^^^^^^^^^^^^^^^^^^^^
  File "/home/user/webapp/src/parlay_optimizer.py", line 68
    return {'error': f'Error analyzing parlays: {str(e)}'}\n    
                                                           ^
SyntaxError: unexpected character after line continuation character
Traceback (most recent call last):
  File "/home/user/webapp/run.py", line 1, in <module>
    from src.app import app
  File "/home/user/webapp/src/app.py", line 2, in <module>
    from .basketball_betting_helper import BasketballBettingHelper
  File "/home/user/webapp/src/basketball_betting_helper.py", line 14, in <module>
    from .parlay_optimizer import ParlayOptimizer 
    ^^^^^^^^^^^^^^^^^^^^^^^^^^^^^^^^^^^^^^^^^^^^^
  File "/home/user/webapp/src/parlay_optimizer.py", line 68
    return {'error': f'Error analyzing parlays: {str(e)}'}\n    
                                                           ^
SyntaxError: unexpected character after line continuation character
Traceback (most recent call last):
  File "/home/user/webapp/run.py", line 1, in <module>
    from src.app import app
  File "/home/user/webapp/src/app.py", line 2, in <module>
    from .basketball_betting_helper import BasketballBettingHelper
  File "/home/user/webapp/src/basketball_betting_helper.py", line 14, in <module>
    from .parlay_optimizer import ParlayOptimizer 
    ^^^^^^^^^^^^^^^^^^^^^^^^^^^^^^^^^^^^^^^^^^^^^
  File "/home/user/webapp/src/parlay_optimizer.py", line 68
    return {'error': f'Error analyzing parlays: {str(e)}'}\n    
                                                           ^
SyntaxError: unexpected character after line continuation character
Traceback (most recent call last):
  File "/home/user/webapp/run.py", line 1, in <module>
    from src.app import app
  File "/home/user/webapp/src/app.py", line 2, in <module>
    from .basketball_betting_helper import BasketballBettingHelper
  File "/home/user/webapp/src/basketball_betting_helper.py", line 14, in <module>
    from .parlay_optimizer import ParlayOptimizer 
    ^^^^^^^^^^^^^^^^^^^^^^^^^^^^^^^^^^^^^^^^^^^^^
  File "/home/user/webapp/src/parlay_optimizer.py", line 68
    return {'error': f'Error analyzing parlays: {str(e)}'}\n    
                                                           ^
SyntaxError: unexpected character after line continuation character
Traceback (most recent call last):
  File "/home/user/webapp/run.py", line 1, in <module>
    from src.app import app
  File "/home/user/webapp/src/app.py", line 2, in <module>
    from .basketball_betting_helper import BasketballBettingHelper
  File "/home/user/webapp/src/basketball_betting_helper.py", line 14, in <module>
    from .parlay_optimizer import ParlayOptimizer 
    ^^^^^^^^^^^^^^^^^^^^^^^^^^^^^^^^^^^^^^^^^^^^^
  File "/home/user/webapp/src/parlay_optimizer.py", line 68
    return {'error': f'Error analyzing parlays: {str(e)}'}\n    
                                                           ^
SyntaxError: unexpected character after line continuation character
Traceback (most recent call last):
  File "/home/user/webapp/run.py", line 1, in <module>
    from src.app import app
  File "/home/user/webapp/src/app.py", line 2, in <module>
    from .basketball_betting_helper import BasketballBettingHelper
  File "/home/user/webapp/src/basketball_betting_helper.py", line 14, in <module>
    from .parlay_optimizer import ParlayOptimizer 
    ^^^^^^^^^^^^^^^^^^^^^^^^^^^^^^^^^^^^^^^^^^^^^
  File "/home/user/webapp/src/parlay_optimizer.py", line 68
    return {'error': f'Error analyzing parlays: {str(e)}'}\n    
                                                           ^
SyntaxError: unexpected character after line continuation character
Traceback (most recent call last):
  File "/home/user/webapp/run.py", line 1, in <module>
    from src.app import app
  File "/home/user/webapp/src/app.py", line 2, in <module>
    from .basketball_betting_helper import BasketballBettingHelper
  File "/home/user/webapp/src/basketball_betting_helper.py", line 14, in <module>
    from .parlay_optimizer import ParlayOptimizer 
    ^^^^^^^^^^^^^^^^^^^^^^^^^^^^^^^^^^^^^^^^^^^^^
  File "/home/user/webapp/src/parlay_optimizer.py", line 68
    return {'error': f'Error analyzing parlays: {str(e)}'}\n    
                                                           ^
SyntaxError: unexpected character after line continuation character
Traceback (most recent call last):
  File "/home/user/webapp/run.py", line 1, in <module>
    from src.app import app
  File "/home/user/webapp/src/app.py", line 2, in <module>
    from .basketball_betting_helper import BasketballBettingHelper
  File "/home/user/webapp/src/basketball_betting_helper.py", line 14, in <module>
    from .parlay_optimizer import ParlayOptimizer 
    ^^^^^^^^^^^^^^^^^^^^^^^^^^^^^^^^^^^^^^^^^^^^^
  File "/home/user/webapp/src/parlay_optimizer.py", line 68
    return {'error': f'Error analyzing parlays: {str(e)}'}\n    
                                                           ^
SyntaxError: unexpected character after line continuation character
Traceback (most recent call last):
  File "/home/user/webapp/run.py", line 1, in <module>
    from src.app import app
  File "/home/user/webapp/src/app.py", line 2, in <module>
    from .basketball_betting_helper import BasketballBettingHelper
  File "/home/user/webapp/src/basketball_betting_helper.py", line 14, in <module>
    from .parlay_optimizer import ParlayOptimizer 
    ^^^^^^^^^^^^^^^^^^^^^^^^^^^^^^^^^^^^^^^^^^^^^
  File "/home/user/webapp/src/parlay_optimizer.py", line 68
    return {'error': f'Error analyzing parlays: {str(e)}'}\n    
                                                           ^
SyntaxError: unexpected character after line continuation character
Traceback (most recent call last):
  File "/home/user/webapp/run.py", line 1, in <module>
    from src.app import app
  File "/home/user/webapp/src/app.py", line 2, in <module>
    from .basketball_betting_helper import BasketballBettingHelper
  File "/home/user/webapp/src/basketball_betting_helper.py", line 14, in <module>
    from .parlay_optimizer import ParlayOptimizer 
    ^^^^^^^^^^^^^^^^^^^^^^^^^^^^^^^^^^^^^^^^^^^^^
  File "/home/user/webapp/src/parlay_optimizer.py", line 68
    return {'error': f'Error analyzing parlays: {str(e)}'}\n    
                                                           ^
SyntaxError: unexpected character after line continuation character
Traceback (most recent call last):
  File "/home/user/webapp/run.py", line 1, in <module>
    from src.app import app
  File "/home/user/webapp/src/app.py", line 2, in <module>
    from .basketball_betting_helper import BasketballBettingHelper
  File "/home/user/webapp/src/basketball_betting_helper.py", line 14, in <module>
    from .parlay_optimizer import ParlayOptimizer 
    ^^^^^^^^^^^^^^^^^^^^^^^^^^^^^^^^^^^^^^^^^^^^^
  File "/home/user/webapp/src/parlay_optimizer.py", line 68
    return {'error': f'Error analyzing parlays: {str(e)}'}\n    
                                                           ^
SyntaxError: unexpected character after line continuation character
Traceback (most recent call last):
  File "/home/user/webapp/run.py", line 1, in <module>
    from src.app import app
  File "/home/user/webapp/src/app.py", line 2, in <module>
    from .basketball_betting_helper import BasketballBettingHelper
  File "/home/user/webapp/src/basketball_betting_helper.py", line 14, in <module>
    from .parlay_optimizer import ParlayOptimizer 
    ^^^^^^^^^^^^^^^^^^^^^^^^^^^^^^^^^^^^^^^^^^^^^
  File "/home/user/webapp/src/parlay_optimizer.py", line 68
    return {'error': f'Error analyzing parlays: {str(e)}'}\n    
                                                           ^
SyntaxError: unexpected character after line continuation character
Traceback (most recent call last):
  File "/home/user/webapp/run.py", line 1, in <module>
    from src.app import app
  File "/home/user/webapp/src/app.py", line 2, in <module>
    from .basketball_betting_helper import BasketballBettingHelper
  File "/home/user/webapp/src/basketball_betting_helper.py", line 14, in <module>
    from .parlay_optimizer import ParlayOptimizer 
    ^^^^^^^^^^^^^^^^^^^^^^^^^^^^^^^^^^^^^^^^^^^^^
  File "/home/user/webapp/src/parlay_optimizer.py", line 68
    return {'error': f'Error analyzing parlays: {str(e)}'}\n    
                                                           ^
SyntaxError: unexpected character after line continuation character
Traceback (most recent call last):
  File "/home/user/webapp/run.py", line 1, in <module>
    from src.app import app
  File "/home/user/webapp/src/app.py", line 2, in <module>
    from .basketball_betting_helper import BasketballBettingHelper
  File "/home/user/webapp/src/basketball_betting_helper.py", line 14, in <module>
    from .parlay_optimizer import ParlayOptimizer 
    ^^^^^^^^^^^^^^^^^^^^^^^^^^^^^^^^^^^^^^^^^^^^^
  File "/home/user/webapp/src/parlay_optimizer.py", line 68
    return {'error': f'Error analyzing parlays: {str(e)}'}\n    
                                                           ^
SyntaxError: unexpected character after line continuation character
Traceback (most recent call last):
  File "/home/user/webapp/run.py", line 1, in <module>
    from src.app import app
  File "/home/user/webapp/src/app.py", line 2, in <module>
    from .basketball_betting_helper import BasketballBettingHelper
  File "/home/user/webapp/src/basketball_betting_helper.py", line 14, in <module>
    from .parlay_optimizer import ParlayOptimizer 
    ^^^^^^^^^^^^^^^^^^^^^^^^^^^^^^^^^^^^^^^^^^^^^
  File "/home/user/webapp/src/parlay_optimizer.py", line 68
    return {'error': f'Error analyzing parlays: {str(e)}'}\n    
                                                           ^
SyntaxError: unexpected character after line continuation character
Traceback (most recent call last):
  File "/home/user/webapp/run.py", line 1, in <module>
    from src.app import app
  File "/home/user/webapp/src/app.py", line 2, in <module>
    from .basketball_betting_helper import BasketballBettingHelper
  File "/home/user/webapp/src/basketball_betting_helper.py", line 14, in <module>
    from .parlay_optimizer import ParlayOptimizer 
    ^^^^^^^^^^^^^^^^^^^^^^^^^^^^^^^^^^^^^^^^^^^^^
  File "/home/user/webapp/src/parlay_optimizer.py", line 68
    return {'error': f'Error analyzing parlays: {str(e)}'}\n    
                                                           ^
SyntaxError: unexpected character after line continuation character
Traceback (most recent call last):
  File "/home/user/webapp/run.py", line 1, in <module>
    from src.app import app
  File "/home/user/webapp/src/app.py", line 2, in <module>
    from .basketball_betting_helper import BasketballBettingHelper
  File "/home/user/webapp/src/basketball_betting_helper.py", line 14, in <module>
    from .parlay_optimizer import ParlayOptimizer 
    ^^^^^^^^^^^^^^^^^^^^^^^^^^^^^^^^^^^^^^^^^^^^^
  File "/home/user/webapp/src/parlay_optimizer.py", line 68
    return {'error': f'Error analyzing parlays: {str(e)}'}\n    
                                                           ^
SyntaxError: unexpected character after line continuation character
Traceback (most recent call last):
  File "/home/user/webapp/run.py", line 1, in <module>
    from src.app import app
  File "/home/user/webapp/src/app.py", line 2, in <module>
    from .basketball_betting_helper import BasketballBettingHelper
  File "/home/user/webapp/src/basketball_betting_helper.py", line 14, in <module>
    from .parlay_optimizer import ParlayOptimizer 
    ^^^^^^^^^^^^^^^^^^^^^^^^^^^^^^^^^^^^^^^^^^^^^
  File "/home/user/webapp/src/parlay_optimizer.py", line 68
    return {'error': f'Error analyzing parlays: {str(e)}'}\n    
                                                           ^
SyntaxError: unexpected character after line continuation character
Traceback (most recent call last):
  File "/home/user/webapp/run.py", line 1, in <module>
    from src.app import app
  File "/home/user/webapp/src/app.py", line 2, in <module>
    from .basketball_betting_helper import BasketballBettingHelper
  File "/home/user/webapp/src/basketball_betting_helper.py", line 14, in <module>
    from .parlay_optimizer import ParlayOptimizer 
    ^^^^^^^^^^^^^^^^^^^^^^^^^^^^^^^^^^^^^^^^^^^^^
  File "/home/user/webapp/src/parlay_optimizer.py", line 68
    return {'error': f'Error analyzing parlays: {str(e)}'}\n    
                                                           ^
SyntaxError: unexpected character after line continuation character
Traceback (most recent call last):
  File "/home/user/webapp/run.py", line 1, in <module>
    from src.app import app
  File "/home/user/webapp/src/app.py", line 2, in <module>
    from .basketball_betting_helper import BasketballBettingHelper
  File "/home/user/webapp/src/basketball_betting_helper.py", line 14, in <module>
    from .parlay_optimizer import ParlayOptimizer 
    ^^^^^^^^^^^^^^^^^^^^^^^^^^^^^^^^^^^^^^^^^^^^^
  File "/home/user/webapp/src/parlay_optimizer.py", line 68
    return {'error': f'Error analyzing parlays: {str(e)}'}\n    
                                                           ^
SyntaxError: unexpected character after line continuation character
Traceback (most recent call last):
  File "/home/user/webapp/run.py", line 1, in <module>
    from src.app import app
  File "/home/user/webapp/src/app.py", line 2, in <module>
    from .basketball_betting_helper import BasketballBettingHelper
  File "/home/user/webapp/src/basketball_betting_helper.py", line 14, in <module>
    from .parlay_optimizer import ParlayOptimizer 
    ^^^^^^^^^^^^^^^^^^^^^^^^^^^^^^^^^^^^^^^^^^^^^
  File "/home/user/webapp/src/parlay_optimizer.py", line 68
    return {'error': f'Error analyzing parlays: {str(e)}'}\n    
                                                           ^
SyntaxError: unexpected character after line continuation character
Traceback (most recent call last):
  File "/home/user/webapp/run.py", line 1, in <module>
    from src.app import app
  File "/home/user/webapp/src/app.py", line 2, in <module>
    from .basketball_betting_helper import BasketballBettingHelper
  File "/home/user/webapp/src/basketball_betting_helper.py", line 14, in <module>
    from .parlay_optimizer import ParlayOptimizer 
    ^^^^^^^^^^^^^^^^^^^^^^^^^^^^^^^^^^^^^^^^^^^^^
  File "/home/user/webapp/src/parlay_optimizer.py", line 68
    return {'error': f'Error analyzing parlays: {str(e)}'}\n    
                                                           ^
SyntaxError: unexpected character after line continuation character
Traceback (most recent call last):
  File "/home/user/webapp/run.py", line 1, in <module>
    from src.app import app
  File "/home/user/webapp/src/app.py", line 2, in <module>
    from .basketball_betting_helper import BasketballBettingHelper
  File "/home/user/webapp/src/basketball_betting_helper.py", line 14, in <module>
    from .parlay_optimizer import ParlayOptimizer 
    ^^^^^^^^^^^^^^^^^^^^^^^^^^^^^^^^^^^^^^^^^^^^^
  File "/home/user/webapp/src/parlay_optimizer.py", line 68
    return {'error': f'Error analyzing parlays: {str(e)}'}\n    
                                                           ^
SyntaxError: unexpected character after line continuation character
Traceback (most recent call last):
  File "/home/user/webapp/run.py", line 1, in <module>
    from src.app import app
  File "/home/user/webapp/src/app.py", line 2, in <module>
    from .basketball_betting_helper import BasketballBettingHelper
  File "/home/user/webapp/src/basketball_betting_helper.py", line 14, in <module>
    from .parlay_optimizer import ParlayOptimizer 
    ^^^^^^^^^^^^^^^^^^^^^^^^^^^^^^^^^^^^^^^^^^^^^
  File "/home/user/webapp/src/parlay_optimizer.py", line 68
    return {'error': f'Error analyzing parlays: {str(e)}'}\n    
                                                           ^
SyntaxError: unexpected character after line continuation character
Traceback (most recent call last):
  File "/home/user/webapp/run.py", line 1, in <module>
    from src.app import app
  File "/home/user/webapp/src/app.py", line 2, in <module>
    from .basketball_betting_helper import BasketballBettingHelper
  File "/home/user/webapp/src/basketball_betting_helper.py", line 14, in <module>
    from .parlay_optimizer import ParlayOptimizer 
    ^^^^^^^^^^^^^^^^^^^^^^^^^^^^^^^^^^^^^^^^^^^^^
  File "/home/user/webapp/src/parlay_optimizer.py", line 68
    return {'error': f'Error analyzing parlays: {str(e)}'}\n    
                                                           ^
SyntaxError: unexpected character after line continuation character
Traceback (most recent call last):
  File "/home/user/webapp/run.py", line 1, in <module>
    from src.app import app
  File "/home/user/webapp/src/app.py", line 2, in <module>
    from .basketball_betting_helper import BasketballBettingHelper
  File "/home/user/webapp/src/basketball_betting_helper.py", line 14, in <module>
    from .parlay_optimizer import ParlayOptimizer 
    ^^^^^^^^^^^^^^^^^^^^^^^^^^^^^^^^^^^^^^^^^^^^^
  File "/home/user/webapp/src/parlay_optimizer.py", line 68
    return {'error': f'Error analyzing parlays: {str(e)}'}\n    
                                                           ^
SyntaxError: unexpected character after line continuation character
Traceback (most recent call last):
  File "/home/user/webapp/run.py", line 1, in <module>
    from src.app import app
  File "/home/user/webapp/src/app.py", line 2, in <module>
    from .basketball_betting_helper import BasketballBettingHelper
  File "/home/user/webapp/src/basketball_betting_helper.py", line 14, in <module>
    from .parlay_optimizer import ParlayOptimizer 
    ^^^^^^^^^^^^^^^^^^^^^^^^^^^^^^^^^^^^^^^^^^^^^
  File "/home/user/webapp/src/parlay_optimizer.py", line 68
    return {'error': f'Error analyzing parlays: {str(e)}'}\n    
                                                           ^
SyntaxError: unexpected character after line continuation character
Traceback (most recent call last):
  File "/home/user/webapp/run.py", line 1, in <module>
    from src.app import app
  File "/home/user/webapp/src/app.py", line 2, in <module>
    from .basketball_betting_helper import BasketballBettingHelper
  File "/home/user/webapp/src/basketball_betting_helper.py", line 14, in <module>
    from .parlay_optimizer import ParlayOptimizer 
    ^^^^^^^^^^^^^^^^^^^^^^^^^^^^^^^^^^^^^^^^^^^^^
  File "/home/user/webapp/src/parlay_optimizer.py", line 68
    return {'error': f'Error analyzing parlays: {str(e)}'}\n    
                                                           ^
SyntaxError: unexpected character after line continuation character
Traceback (most recent call last):
  File "/home/user/webapp/run.py", line 1, in <module>
    from src.app import app
  File "/home/user/webapp/src/app.py", line 2, in <module>
    from .basketball_betting_helper import BasketballBettingHelper
  File "/home/user/webapp/src/basketball_betting_helper.py", line 14, in <module>
    from .parlay_optimizer import ParlayOptimizer 
    ^^^^^^^^^^^^^^^^^^^^^^^^^^^^^^^^^^^^^^^^^^^^^
  File "/home/user/webapp/src/parlay_optimizer.py", line 68
    return {'error': f'Error analyzing parlays: {str(e)}'}\n    
                                                           ^
SyntaxError: unexpected character after line continuation character
Traceback (most recent call last):
  File "/home/user/webapp/run.py", line 1, in <module>
    from src.app import app
  File "/home/user/webapp/src/app.py", line 2, in <module>
    from .basketball_betting_helper import BasketballBettingHelper
  File "/home/user/webapp/src/basketball_betting_helper.py", line 14, in <module>
    from .parlay_optimizer import ParlayOptimizer 
    ^^^^^^^^^^^^^^^^^^^^^^^^^^^^^^^^^^^^^^^^^^^^^
  File "/home/user/webapp/src/parlay_optimizer.py", line 68
    return {'error': f'Error analyzing parlays: {str(e)}'}\n    
                                                           ^
SyntaxError: unexpected character after line continuation character
Traceback (most recent call last):
  File "/home/user/webapp/run.py", line 1, in <module>
    from src.app import app
  File "/home/user/webapp/src/app.py", line 2, in <module>
    from .basketball_betting_helper import BasketballBettingHelper
  File "/home/user/webapp/src/basketball_betting_helper.py", line 14, in <module>
    from .parlay_optimizer import ParlayOptimizer 
    ^^^^^^^^^^^^^^^^^^^^^^^^^^^^^^^^^^^^^^^^^^^^^
  File "/home/user/webapp/src/parlay_optimizer.py", line 68
    return {'error': f'Error analyzing parlays: {str(e)}'}\n    
                                                           ^
SyntaxError: unexpected character after line continuation character
Traceback (most recent call last):
  File "/home/user/webapp/run.py", line 1, in <module>
    from src.app import app
  File "/home/user/webapp/src/app.py", line 2, in <module>
    from .basketball_betting_helper import BasketballBettingHelper
  File "/home/user/webapp/src/basketball_betting_helper.py", line 14, in <module>
    from .parlay_optimizer import ParlayOptimizer 
    ^^^^^^^^^^^^^^^^^^^^^^^^^^^^^^^^^^^^^^^^^^^^^
  File "/home/user/webapp/src/parlay_optimizer.py", line 68
    return {'error': f'Error analyzing parlays: {str(e)}'}\n    
                                                           ^
SyntaxError: unexpected character after line continuation character
Traceback (most recent call last):
  File "/home/user/webapp/run.py", line 1, in <module>
    from src.app import app
  File "/home/user/webapp/src/app.py", line 2, in <module>
    from .basketball_betting_helper import BasketballBettingHelper
  File "/home/user/webapp/src/basketball_betting_helper.py", line 14, in <module>
    from .parlay_optimizer import ParlayOptimizer 
    ^^^^^^^^^^^^^^^^^^^^^^^^^^^^^^^^^^^^^^^^^^^^^
  File "/home/user/webapp/src/parlay_optimizer.py", line 68
    return {'error': f'Error analyzing parlays: {str(e)}'}\n    
                                                           ^
SyntaxError: unexpected character after line continuation character
Traceback (most recent call last):
  File "/home/user/webapp/run.py", line 1, in <module>
    from src.app import app
  File "/home/user/webapp/src/app.py", line 2, in <module>
    from .basketball_betting_helper import BasketballBettingHelper
  File "/home/user/webapp/src/basketball_betting_helper.py", line 14, in <module>
    from .parlay_optimizer import ParlayOptimizer 
    ^^^^^^^^^^^^^^^^^^^^^^^^^^^^^^^^^^^^^^^^^^^^^
  File "/home/user/webapp/src/parlay_optimizer.py", line 68
    return {'error': f'Error analyzing parlays: {str(e)}'}\n    
                                                           ^
SyntaxError: unexpected character after line continuation character
Traceback (most recent call last):
  File "/home/user/webapp/run.py", line 1, in <module>
    from src.app import app
  File "/home/user/webapp/src/app.py", line 2, in <module>
    from .basketball_betting_helper import BasketballBettingHelper
  File "/home/user/webapp/src/basketball_betting_helper.py", line 14, in <module>
    from .parlay_optimizer import ParlayOptimizer 
    ^^^^^^^^^^^^^^^^^^^^^^^^^^^^^^^^^^^^^^^^^^^^^
  File "/home/user/webapp/src/parlay_optimizer.py", line 68
    return {'error': f'Error analyzing parlays: {str(e)}'}\n    
                                                           ^
SyntaxError: unexpected character after line continuation character
Traceback (most recent call last):
  File "/home/user/webapp/run.py", line 1, in <module>
    from src.app import app
  File "/home/user/webapp/src/app.py", line 2, in <module>
    from .basketball_betting_helper import BasketballBettingHelper
  File "/home/user/webapp/src/basketball_betting_helper.py", line 14, in <module>
    from .parlay_optimizer import ParlayOptimizer 
    ^^^^^^^^^^^^^^^^^^^^^^^^^^^^^^^^^^^^^^^^^^^^^
  File "/home/user/webapp/src/parlay_optimizer.py", line 68
    return {'error': f'Error analyzing parlays: {str(e)}'}\n    
                                                           ^
SyntaxError: unexpected character after line continuation character
Traceback (most recent call last):
  File "/home/user/webapp/run.py", line 1, in <module>
    from src.app import app
  File "/home/user/webapp/src/app.py", line 2, in <module>
    from .basketball_betting_helper import BasketballBettingHelper
  File "/home/user/webapp/src/basketball_betting_helper.py", line 14, in <module>
    from .parlay_optimizer import ParlayOptimizer 
    ^^^^^^^^^^^^^^^^^^^^^^^^^^^^^^^^^^^^^^^^^^^^^
  File "/home/user/webapp/src/parlay_optimizer.py", line 68
    return {'error': f'Error analyzing parlays: {str(e)}'}\n    
                                                           ^
SyntaxError: unexpected character after line continuation character
Traceback (most recent call last):
  File "/home/user/webapp/run.py", line 1, in <module>
    from src.app import app
  File "/home/user/webapp/src/app.py", line 2, in <module>
    from .basketball_betting_helper import BasketballBettingHelper
  File "/home/user/webapp/src/basketball_betting_helper.py", line 14, in <module>
    from .parlay_optimizer import ParlayOptimizer 
    ^^^^^^^^^^^^^^^^^^^^^^^^^^^^^^^^^^^^^^^^^^^^^
  File "/home/user/webapp/src/parlay_optimizer.py", line 68
    return {'error': f'Error analyzing parlays: {str(e)}'}\n    
                                                           ^
SyntaxError: unexpected character after line continuation character
Traceback (most recent call last):
  File "/home/user/webapp/run.py", line 1, in <module>
    from src.app import app
  File "/home/user/webapp/src/app.py", line 2, in <module>
    from .basketball_betting_helper import BasketballBettingHelper
  File "/home/user/webapp/src/basketball_betting_helper.py", line 14, in <module>
    from .parlay_optimizer import ParlayOptimizer 
    ^^^^^^^^^^^^^^^^^^^^^^^^^^^^^^^^^^^^^^^^^^^^^
  File "/home/user/webapp/src/parlay_optimizer.py", line 68
    return {'error': f'Error analyzing parlays: {str(e)}'}\n    
                                                           ^
SyntaxError: unexpected character after line continuation character
Traceback (most recent call last):
  File "/home/user/webapp/run.py", line 1, in <module>
    from src.app import app
  File "/home/user/webapp/src/app.py", line 2, in <module>
    from .basketball_betting_helper import BasketballBettingHelper
  File "/home/user/webapp/src/basketball_betting_helper.py", line 14, in <module>
    from .parlay_optimizer import ParlayOptimizer 
    ^^^^^^^^^^^^^^^^^^^^^^^^^^^^^^^^^^^^^^^^^^^^^
  File "/home/user/webapp/src/parlay_optimizer.py", line 68
    return {'error': f'Error analyzing parlays: {str(e)}'}\n    
                                                           ^
SyntaxError: unexpected character after line continuation character
Traceback (most recent call last):
  File "/home/user/webapp/run.py", line 1, in <module>
    from src.app import app
  File "/home/user/webapp/src/app.py", line 2, in <module>
    from .basketball_betting_helper import BasketballBettingHelper
  File "/home/user/webapp/src/basketball_betting_helper.py", line 14, in <module>
    from .parlay_optimizer import ParlayOptimizer 
    ^^^^^^^^^^^^^^^^^^^^^^^^^^^^^^^^^^^^^^^^^^^^^
  File "/home/user/webapp/src/parlay_optimizer.py", line 68
    return {'error': f'Error analyzing parlays: {str(e)}'}\n    
                                                           ^
SyntaxError: unexpected character after line continuation character
Traceback (most recent call last):
  File "/home/user/webapp/run.py", line 1, in <module>
    from src.app import app
  File "/home/user/webapp/src/app.py", line 2, in <module>
    from .basketball_betting_helper import BasketballBettingHelper
  File "/home/user/webapp/src/basketball_betting_helper.py", line 14, in <module>
    from .parlay_optimizer import ParlayOptimizer 
    ^^^^^^^^^^^^^^^^^^^^^^^^^^^^^^^^^^^^^^^^^^^^^
  File "/home/user/webapp/src/parlay_optimizer.py", line 68
    return {'error': f'Error analyzing parlays: {str(e)}'}\n    
                                                           ^
SyntaxError: unexpected character after line continuation character
Traceback (most recent call last):
  File "/home/user/webapp/run.py", line 1, in <module>
    from src.app import app
  File "/home/user/webapp/src/app.py", line 2, in <module>
    from .basketball_betting_helper import BasketballBettingHelper
  File "/home/user/webapp/src/basketball_betting_helper.py", line 14, in <module>
    from .parlay_optimizer import ParlayOptimizer 
    ^^^^^^^^^^^^^^^^^^^^^^^^^^^^^^^^^^^^^^^^^^^^^
  File "/home/user/webapp/src/parlay_optimizer.py", line 68
    return {'error': f'Error analyzing parlays: {str(e)}'}\n    
                                                           ^
SyntaxError: unexpected character after line continuation character
Traceback (most recent call last):
  File "/home/user/webapp/run.py", line 1, in <module>
    from src.app import app
  File "/home/user/webapp/src/app.py", line 2, in <module>
    from .basketball_betting_helper import BasketballBettingHelper
  File "/home/user/webapp/src/basketball_betting_helper.py", line 14, in <module>
    from .parlay_optimizer import ParlayOptimizer 
    ^^^^^^^^^^^^^^^^^^^^^^^^^^^^^^^^^^^^^^^^^^^^^
  File "/home/user/webapp/src/parlay_optimizer.py", line 68
    return {'error': f'Error analyzing parlays: {str(e)}'}\n    
                                                           ^
SyntaxError: unexpected character after line continuation character
Traceback (most recent call last):
  File "/home/user/webapp/run.py", line 1, in <module>
    from src.app import app
  File "/home/user/webapp/src/app.py", line 2, in <module>
    from .basketball_betting_helper import BasketballBettingHelper
  File "/home/user/webapp/src/basketball_betting_helper.py", line 14, in <module>
    from .parlay_optimizer import ParlayOptimizer 
    ^^^^^^^^^^^^^^^^^^^^^^^^^^^^^^^^^^^^^^^^^^^^^
  File "/home/user/webapp/src/parlay_optimizer.py", line 68
    return {'error': f'Error analyzing parlays: {str(e)}'}\n    
                                                           ^
SyntaxError: unexpected character after line continuation character
Traceback (most recent call last):
  File "/home/user/webapp/run.py", line 1, in <module>
    from src.app import app
  File "/home/user/webapp/src/app.py", line 2, in <module>
    from .basketball_betting_helper import BasketballBettingHelper
  File "/home/user/webapp/src/basketball_betting_helper.py", line 14, in <module>
    from .parlay_optimizer import ParlayOptimizer 
    ^^^^^^^^^^^^^^^^^^^^^^^^^^^^^^^^^^^^^^^^^^^^^
  File "/home/user/webapp/src/parlay_optimizer.py", line 68
    return {'error': f'Error analyzing parlays: {str(e)}'}\n    
                                                           ^
SyntaxError: unexpected character after line continuation character
Traceback (most recent call last):
  File "/home/user/webapp/run.py", line 1, in <module>
    from src.app import app
  File "/home/user/webapp/src/app.py", line 2, in <module>
    from .basketball_betting_helper import BasketballBettingHelper
  File "/home/user/webapp/src/basketball_betting_helper.py", line 14, in <module>
    from .parlay_optimizer import ParlayOptimizer 
    ^^^^^^^^^^^^^^^^^^^^^^^^^^^^^^^^^^^^^^^^^^^^^
  File "/home/user/webapp/src/parlay_optimizer.py", line 68
    return {'error': f'Error analyzing parlays: {str(e)}'}\n    
                                                           ^
SyntaxError: unexpected character after line continuation character
Traceback (most recent call last):
  File "/home/user/webapp/run.py", line 1, in <module>
    from src.app import app
  File "/home/user/webapp/src/app.py", line 2, in <module>
    from .basketball_betting_helper import BasketballBettingHelper
  File "/home/user/webapp/src/basketball_betting_helper.py", line 14, in <module>
    from .parlay_optimizer import ParlayOptimizer 
    ^^^^^^^^^^^^^^^^^^^^^^^^^^^^^^^^^^^^^^^^^^^^^
  File "/home/user/webapp/src/parlay_optimizer.py", line 68
    return {'error': f'Error analyzing parlays: {str(e)}'}\n    
                                                           ^
SyntaxError: unexpected character after line continuation character
Traceback (most recent call last):
  File "/home/user/webapp/run.py", line 1, in <module>
    from src.app import app
  File "/home/user/webapp/src/app.py", line 2, in <module>
    from .basketball_betting_helper import BasketballBettingHelper
  File "/home/user/webapp/src/basketball_betting_helper.py", line 14, in <module>
    from .parlay_optimizer import ParlayOptimizer 
    ^^^^^^^^^^^^^^^^^^^^^^^^^^^^^^^^^^^^^^^^^^^^^
  File "/home/user/webapp/src/parlay_optimizer.py", line 68
    return {'error': f'Error analyzing parlays: {str(e)}'}\n    
                                                           ^
SyntaxError: unexpected character after line continuation character
Traceback (most recent call last):
  File "/home/user/webapp/run.py", line 1, in <module>
    from src.app import app
  File "/home/user/webapp/src/app.py", line 2, in <module>
    from .basketball_betting_helper import BasketballBettingHelper
  File "/home/user/webapp/src/basketball_betting_helper.py", line 14, in <module>
    from .parlay_optimizer import ParlayOptimizer 
    ^^^^^^^^^^^^^^^^^^^^^^^^^^^^^^^^^^^^^^^^^^^^^
  File "/home/user/webapp/src/parlay_optimizer.py", line 68
    return {'error': f'Error analyzing parlays: {str(e)}'}\n    
                                                           ^
SyntaxError: unexpected character after line continuation character
Traceback (most recent call last):
  File "/home/user/webapp/run.py", line 1, in <module>
    from src.app import app
  File "/home/user/webapp/src/app.py", line 2, in <module>
    from .basketball_betting_helper import BasketballBettingHelper
  File "/home/user/webapp/src/basketball_betting_helper.py", line 14, in <module>
    from .parlay_optimizer import ParlayOptimizer 
    ^^^^^^^^^^^^^^^^^^^^^^^^^^^^^^^^^^^^^^^^^^^^^
  File "/home/user/webapp/src/parlay_optimizer.py", line 68
    return {'error': f'Error analyzing parlays: {str(e)}'}\n    
                                                           ^
SyntaxError: unexpected character after line continuation character
Traceback (most recent call last):
  File "/home/user/webapp/run.py", line 1, in <module>
    from src.app import app
  File "/home/user/webapp/src/app.py", line 2, in <module>
    from .basketball_betting_helper import BasketballBettingHelper
  File "/home/user/webapp/src/basketball_betting_helper.py", line 14, in <module>
    from .parlay_optimizer import ParlayOptimizer 
    ^^^^^^^^^^^^^^^^^^^^^^^^^^^^^^^^^^^^^^^^^^^^^
  File "/home/user/webapp/src/parlay_optimizer.py", line 68
    return {'error': f'Error analyzing parlays: {str(e)}'}\n    
                                                           ^
SyntaxError: unexpected character after line continuation character
Traceback (most recent call last):
  File "/home/user/webapp/run.py", line 1, in <module>
    from src.app import app
  File "/home/user/webapp/src/app.py", line 2, in <module>
    from .basketball_betting_helper import BasketballBettingHelper
  File "/home/user/webapp/src/basketball_betting_helper.py", line 14, in <module>
    from .parlay_optimizer import ParlayOptimizer 
    ^^^^^^^^^^^^^^^^^^^^^^^^^^^^^^^^^^^^^^^^^^^^^
  File "/home/user/webapp/src/parlay_optimizer.py", line 68
    return {'error': f'Error analyzing parlays: {str(e)}'}\n    
                                                           ^
SyntaxError: unexpected character after line continuation character
Traceback (most recent call last):
  File "/home/user/webapp/run.py", line 1, in <module>
    from src.app import app
  File "/home/user/webapp/src/app.py", line 2, in <module>
    from .basketball_betting_helper import BasketballBettingHelper
  File "/home/user/webapp/src/basketball_betting_helper.py", line 14, in <module>
    from .parlay_optimizer import ParlayOptimizer 
    ^^^^^^^^^^^^^^^^^^^^^^^^^^^^^^^^^^^^^^^^^^^^^
  File "/home/user/webapp/src/parlay_optimizer.py", line 68
    return {'error': f'Error analyzing parlays: {str(e)}'}\n    
                                                           ^
SyntaxError: unexpected character after line continuation character
Traceback (most recent call last):
  File "/home/user/webapp/run.py", line 1, in <module>
    from src.app import app
  File "/home/user/webapp/src/app.py", line 2, in <module>
    from .basketball_betting_helper import BasketballBettingHelper
  File "/home/user/webapp/src/basketball_betting_helper.py", line 14, in <module>
    from .parlay_optimizer import ParlayOptimizer 
    ^^^^^^^^^^^^^^^^^^^^^^^^^^^^^^^^^^^^^^^^^^^^^
  File "/home/user/webapp/src/parlay_optimizer.py", line 68
    return {'error': f'Error analyzing parlays: {str(e)}'}\n    
                                                           ^
SyntaxError: unexpected character after line continuation character
Traceback (most recent call last):
  File "/home/user/webapp/run.py", line 1, in <module>
    from src.app import app
  File "/home/user/webapp/src/app.py", line 2, in <module>
    from .basketball_betting_helper import BasketballBettingHelper
  File "/home/user/webapp/src/basketball_betting_helper.py", line 14, in <module>
    from .parlay_optimizer import ParlayOptimizer 
    ^^^^^^^^^^^^^^^^^^^^^^^^^^^^^^^^^^^^^^^^^^^^^
  File "/home/user/webapp/src/parlay_optimizer.py", line 68
    return {'error': f'Error analyzing parlays: {str(e)}'}\n    
                                                           ^
SyntaxError: unexpected character after line continuation character
Traceback (most recent call last):
  File "/home/user/webapp/run.py", line 1, in <module>
    from src.app import app
  File "/home/user/webapp/src/app.py", line 2, in <module>
    from .basketball_betting_helper import BasketballBettingHelper
  File "/home/user/webapp/src/basketball_betting_helper.py", line 14, in <module>
    from .parlay_optimizer import ParlayOptimizer 
    ^^^^^^^^^^^^^^^^^^^^^^^^^^^^^^^^^^^^^^^^^^^^^
  File "/home/user/webapp/src/parlay_optimizer.py", line 68
    return {'error': f'Error analyzing parlays: {str(e)}'}\n    
                                                           ^
SyntaxError: unexpected character after line continuation character
Traceback (most recent call last):
  File "/home/user/webapp/run.py", line 1, in <module>
    from src.app import app
  File "/home/user/webapp/src/app.py", line 2, in <module>
    from .basketball_betting_helper import BasketballBettingHelper
  File "/home/user/webapp/src/basketball_betting_helper.py", line 14, in <module>
    from .parlay_optimizer import ParlayOptimizer 
    ^^^^^^^^^^^^^^^^^^^^^^^^^^^^^^^^^^^^^^^^^^^^^
  File "/home/user/webapp/src/parlay_optimizer.py", line 68
    return {'error': f'Error analyzing parlays: {str(e)}'}\n    
                                                           ^
SyntaxError: unexpected character after line continuation character
Traceback (most recent call last):
  File "/home/user/webapp/run.py", line 1, in <module>
    from src.app import app
  File "/home/user/webapp/src/app.py", line 2, in <module>
    from .basketball_betting_helper import BasketballBettingHelper
  File "/home/user/webapp/src/basketball_betting_helper.py", line 14, in <module>
    from .parlay_optimizer import ParlayOptimizer 
    ^^^^^^^^^^^^^^^^^^^^^^^^^^^^^^^^^^^^^^^^^^^^^
  File "/home/user/webapp/src/parlay_optimizer.py", line 68
    return {'error': f'Error analyzing parlays: {str(e)}'}\n    
                                                           ^
SyntaxError: unexpected character after line continuation character
Traceback (most recent call last):
  File "/home/user/webapp/run.py", line 1, in <module>
    from src.app import app
  File "/home/user/webapp/src/app.py", line 2, in <module>
    from .basketball_betting_helper import BasketballBettingHelper
  File "/home/user/webapp/src/basketball_betting_helper.py", line 14, in <module>
    from .parlay_optimizer import ParlayOptimizer 
    ^^^^^^^^^^^^^^^^^^^^^^^^^^^^^^^^^^^^^^^^^^^^^
  File "/home/user/webapp/src/parlay_optimizer.py", line 68
    return {'error': f'Error analyzing parlays: {str(e)}'}\n    
                                                           ^
SyntaxError: unexpected character after line continuation character
Traceback (most recent call last):
  File "/home/user/webapp/run.py", line 1, in <module>
    from src.app import app
  File "/home/user/webapp/src/app.py", line 2, in <module>
    from .basketball_betting_helper import BasketballBettingHelper
  File "/home/user/webapp/src/basketball_betting_helper.py", line 14, in <module>
    from .parlay_optimizer import ParlayOptimizer 
    ^^^^^^^^^^^^^^^^^^^^^^^^^^^^^^^^^^^^^^^^^^^^^
  File "/home/user/webapp/src/parlay_optimizer.py", line 68
    return {'error': f'Error analyzing parlays: {str(e)}'}\n    
                                                           ^
SyntaxError: unexpected character after line continuation character
Traceback (most recent call last):
  File "/home/user/webapp/run.py", line 1, in <module>
    from src.app import app
  File "/home/user/webapp/src/app.py", line 2, in <module>
    from .basketball_betting_helper import BasketballBettingHelper
  File "/home/user/webapp/src/basketball_betting_helper.py", line 14, in <module>
    from .parlay_optimizer import ParlayOptimizer 
    ^^^^^^^^^^^^^^^^^^^^^^^^^^^^^^^^^^^^^^^^^^^^^
  File "/home/user/webapp/src/parlay_optimizer.py", line 68
    return {'error': f'Error analyzing parlays: {str(e)}'}\n    
                                                           ^
SyntaxError: unexpected character after line continuation character
Traceback (most recent call last):
  File "/home/user/webapp/run.py", line 1, in <module>
    from src.app import app
  File "/home/user/webapp/src/app.py", line 2, in <module>
    from .basketball_betting_helper import BasketballBettingHelper
  File "/home/user/webapp/src/basketball_betting_helper.py", line 14, in <module>
    from .parlay_optimizer import ParlayOptimizer 
    ^^^^^^^^^^^^^^^^^^^^^^^^^^^^^^^^^^^^^^^^^^^^^
  File "/home/user/webapp/src/parlay_optimizer.py", line 68
    return {'error': f'Error analyzing parlays: {str(e)}'}\n    
                                                           ^
SyntaxError: unexpected character after line continuation character
Traceback (most recent call last):
  File "/home/user/webapp/run.py", line 1, in <module>
    from src.app import app
  File "/home/user/webapp/src/app.py", line 2, in <module>
    from .basketball_betting_helper import BasketballBettingHelper
  File "/home/user/webapp/src/basketball_betting_helper.py", line 14, in <module>
    from .parlay_optimizer import ParlayOptimizer 
    ^^^^^^^^^^^^^^^^^^^^^^^^^^^^^^^^^^^^^^^^^^^^^
  File "/home/user/webapp/src/parlay_optimizer.py", line 68
    return {'error': f'Error analyzing parlays: {str(e)}'}\n    
                                                           ^
SyntaxError: unexpected character after line continuation character
Traceback (most recent call last):
  File "/home/user/webapp/run.py", line 1, in <module>
    from src.app import app
  File "/home/user/webapp/src/app.py", line 2, in <module>
    from .basketball_betting_helper import BasketballBettingHelper
  File "/home/user/webapp/src/basketball_betting_helper.py", line 14, in <module>
    from .parlay_optimizer import ParlayOptimizer 
    ^^^^^^^^^^^^^^^^^^^^^^^^^^^^^^^^^^^^^^^^^^^^^
  File "/home/user/webapp/src/parlay_optimizer.py", line 68
    return {'error': f'Error analyzing parlays: {str(e)}'}\n    
                                                           ^
SyntaxError: unexpected character after line continuation character
Traceback (most recent call last):
  File "/home/user/webapp/run.py", line 1, in <module>
    from src.app import app
  File "/home/user/webapp/src/app.py", line 2, in <module>
    from .basketball_betting_helper import BasketballBettingHelper
  File "/home/user/webapp/src/basketball_betting_helper.py", line 14, in <module>
    from .parlay_optimizer import ParlayOptimizer 
    ^^^^^^^^^^^^^^^^^^^^^^^^^^^^^^^^^^^^^^^^^^^^^
  File "/home/user/webapp/src/parlay_optimizer.py", line 68
    return {'error': f'Error analyzing parlays: {str(e)}'}\n    
                                                           ^
SyntaxError: unexpected character after line continuation character
Traceback (most recent call last):
  File "/home/user/webapp/run.py", line 1, in <module>
    from src.app import app
  File "/home/user/webapp/src/app.py", line 2, in <module>
    from .basketball_betting_helper import BasketballBettingHelper
  File "/home/user/webapp/src/basketball_betting_helper.py", line 14, in <module>
    from .parlay_optimizer import ParlayOptimizer 
    ^^^^^^^^^^^^^^^^^^^^^^^^^^^^^^^^^^^^^^^^^^^^^
  File "/home/user/webapp/src/parlay_optimizer.py", line 68
    return {'error': f'Error analyzing parlays: {str(e)}'}\n    
                                                           ^
SyntaxError: unexpected character after line continuation character
Traceback (most recent call last):
  File "/home/user/webapp/run.py", line 1, in <module>
    from src.app import app
  File "/home/user/webapp/src/app.py", line 2, in <module>
    from .basketball_betting_helper import BasketballBettingHelper
  File "/home/user/webapp/src/basketball_betting_helper.py", line 14, in <module>
    from .parlay_optimizer import ParlayOptimizer 
    ^^^^^^^^^^^^^^^^^^^^^^^^^^^^^^^^^^^^^^^^^^^^^
  File "/home/user/webapp/src/parlay_optimizer.py", line 68
    return {'error': f'Error analyzing parlays: {str(e)}'}\n    
                                                           ^
SyntaxError: unexpected character after line continuation character
Traceback (most recent call last):
  File "/home/user/webapp/run.py", line 1, in <module>
    from src.app import app
  File "/home/user/webapp/src/app.py", line 2, in <module>
    from .basketball_betting_helper import BasketballBettingHelper
  File "/home/user/webapp/src/basketball_betting_helper.py", line 14, in <module>
    from .parlay_optimizer import ParlayOptimizer 
    ^^^^^^^^^^^^^^^^^^^^^^^^^^^^^^^^^^^^^^^^^^^^^
  File "/home/user/webapp/src/parlay_optimizer.py", line 68
    return {'error': f'Error analyzing parlays: {str(e)}'}\n    
                                                           ^
SyntaxError: unexpected character after line continuation character
Traceback (most recent call last):
  File "/home/user/webapp/run.py", line 1, in <module>
    from src.app import app
  File "/home/user/webapp/src/app.py", line 2, in <module>
    from .basketball_betting_helper import BasketballBettingHelper
  File "/home/user/webapp/src/basketball_betting_helper.py", line 14, in <module>
    from .parlay_optimizer import ParlayOptimizer 
    ^^^^^^^^^^^^^^^^^^^^^^^^^^^^^^^^^^^^^^^^^^^^^
  File "/home/user/webapp/src/parlay_optimizer.py", line 68
    return {'error': f'Error analyzing parlays: {str(e)}'}\n    
                                                           ^
SyntaxError: unexpected character after line continuation character
Traceback (most recent call last):
  File "/home/user/webapp/run.py", line 1, in <module>
    from src.app import app
  File "/home/user/webapp/src/app.py", line 2, in <module>
    from .basketball_betting_helper import BasketballBettingHelper
  File "/home/user/webapp/src/basketball_betting_helper.py", line 14, in <module>
    from .parlay_optimizer import ParlayOptimizer 
    ^^^^^^^^^^^^^^^^^^^^^^^^^^^^^^^^^^^^^^^^^^^^^
  File "/home/user/webapp/src/parlay_optimizer.py", line 68
    return {'error': f'Error analyzing parlays: {str(e)}'}\n    
                                                           ^
SyntaxError: unexpected character after line continuation character
Traceback (most recent call last):
  File "/home/user/webapp/run.py", line 1, in <module>
    from src.app import app
  File "/home/user/webapp/src/app.py", line 2, in <module>
    from .basketball_betting_helper import BasketballBettingHelper
  File "/home/user/webapp/src/basketball_betting_helper.py", line 14, in <module>
    from .parlay_optimizer import ParlayOptimizer 
    ^^^^^^^^^^^^^^^^^^^^^^^^^^^^^^^^^^^^^^^^^^^^^
  File "/home/user/webapp/src/parlay_optimizer.py", line 68
    return {'error': f'Error analyzing parlays: {str(e)}'}\n    
                                                           ^
SyntaxError: unexpected character after line continuation character
Traceback (most recent call last):
  File "/home/user/webapp/run.py", line 1, in <module>
    from src.app import app
  File "/home/user/webapp/src/app.py", line 2, in <module>
    from .basketball_betting_helper import BasketballBettingHelper
  File "/home/user/webapp/src/basketball_betting_helper.py", line 14, in <module>
    from .parlay_optimizer import ParlayOptimizer 
    ^^^^^^^^^^^^^^^^^^^^^^^^^^^^^^^^^^^^^^^^^^^^^
  File "/home/user/webapp/src/parlay_optimizer.py", line 68
    return {'error': f'Error analyzing parlays: {str(e)}'}\n    
                                                           ^
SyntaxError: unexpected character after line continuation character
Traceback (most recent call last):
  File "/home/user/webapp/run.py", line 1, in <module>
    from src.app import app
  File "/home/user/webapp/src/app.py", line 2, in <module>
    from .basketball_betting_helper import BasketballBettingHelper
  File "/home/user/webapp/src/basketball_betting_helper.py", line 14, in <module>
    from .parlay_optimizer import ParlayOptimizer 
    ^^^^^^^^^^^^^^^^^^^^^^^^^^^^^^^^^^^^^^^^^^^^^
  File "/home/user/webapp/src/parlay_optimizer.py", line 68
    return {'error': f'Error analyzing parlays: {str(e)}'}\n    
                                                           ^
SyntaxError: unexpected character after line continuation character
Traceback (most recent call last):
  File "/home/user/webapp/run.py", line 1, in <module>
    from src.app import app
  File "/home/user/webapp/src/app.py", line 2, in <module>
    from .basketball_betting_helper import BasketballBettingHelper
  File "/home/user/webapp/src/basketball_betting_helper.py", line 14, in <module>
    from .parlay_optimizer import ParlayOptimizer 
    ^^^^^^^^^^^^^^^^^^^^^^^^^^^^^^^^^^^^^^^^^^^^^
  File "/home/user/webapp/src/parlay_optimizer.py", line 68
    return {'error': f'Error analyzing parlays: {str(e)}'}\n    
                                                           ^
SyntaxError: unexpected character after line continuation character
Traceback (most recent call last):
  File "/home/user/webapp/run.py", line 1, in <module>
    from src.app import app
  File "/home/user/webapp/src/app.py", line 2, in <module>
    from .basketball_betting_helper import BasketballBettingHelper
  File "/home/user/webapp/src/basketball_betting_helper.py", line 14, in <module>
    from .parlay_optimizer import ParlayOptimizer 
    ^^^^^^^^^^^^^^^^^^^^^^^^^^^^^^^^^^^^^^^^^^^^^
  File "/home/user/webapp/src/parlay_optimizer.py", line 68
    return {'error': f'Error analyzing parlays: {str(e)}'}\n    
                                                           ^
SyntaxError: unexpected character after line continuation character
Traceback (most recent call last):
  File "/home/user/webapp/run.py", line 1, in <module>
    from src.app import app
  File "/home/user/webapp/src/app.py", line 2, in <module>
    from .basketball_betting_helper import BasketballBettingHelper
  File "/home/user/webapp/src/basketball_betting_helper.py", line 14, in <module>
    from .parlay_optimizer import ParlayOptimizer 
    ^^^^^^^^^^^^^^^^^^^^^^^^^^^^^^^^^^^^^^^^^^^^^
  File "/home/user/webapp/src/parlay_optimizer.py", line 68
    return {'error': f'Error analyzing parlays: {str(e)}'}\n    
                                                           ^
SyntaxError: unexpected character after line continuation character
Traceback (most recent call last):
  File "/home/user/webapp/run.py", line 1, in <module>
    from src.app import app
  File "/home/user/webapp/src/app.py", line 2, in <module>
    from .basketball_betting_helper import BasketballBettingHelper
  File "/home/user/webapp/src/basketball_betting_helper.py", line 14, in <module>
    from .parlay_optimizer import ParlayOptimizer 
    ^^^^^^^^^^^^^^^^^^^^^^^^^^^^^^^^^^^^^^^^^^^^^
  File "/home/user/webapp/src/parlay_optimizer.py", line 68
    return {'error': f'Error analyzing parlays: {str(e)}'}\n    
                                                           ^
SyntaxError: unexpected character after line continuation character
Traceback (most recent call last):
  File "/home/user/webapp/run.py", line 1, in <module>
    from src.app import app
  File "/home/user/webapp/src/app.py", line 2, in <module>
    from .basketball_betting_helper import BasketballBettingHelper
  File "/home/user/webapp/src/basketball_betting_helper.py", line 14, in <module>
    from .parlay_optimizer import ParlayOptimizer 
    ^^^^^^^^^^^^^^^^^^^^^^^^^^^^^^^^^^^^^^^^^^^^^
  File "/home/user/webapp/src/parlay_optimizer.py", line 68
    return {'error': f'Error analyzing parlays: {str(e)}'}\n    
                                                           ^
SyntaxError: unexpected character after line continuation character
Traceback (most recent call last):
  File "/home/user/webapp/run.py", line 1, in <module>
    from src.app import app
  File "/home/user/webapp/src/app.py", line 2, in <module>
    from .basketball_betting_helper import BasketballBettingHelper
  File "/home/user/webapp/src/basketball_betting_helper.py", line 14, in <module>
    from .parlay_optimizer import ParlayOptimizer 
    ^^^^^^^^^^^^^^^^^^^^^^^^^^^^^^^^^^^^^^^^^^^^^
  File "/home/user/webapp/src/parlay_optimizer.py", line 68
    return {'error': f'Error analyzing parlays: {str(e)}'}\n    
                                                           ^
SyntaxError: unexpected character after line continuation character
Traceback (most recent call last):
  File "/home/user/webapp/run.py", line 1, in <module>
    from src.app import app
  File "/home/user/webapp/src/app.py", line 2, in <module>
    from .basketball_betting_helper import BasketballBettingHelper
  File "/home/user/webapp/src/basketball_betting_helper.py", line 14, in <module>
    from .parlay_optimizer import ParlayOptimizer 
    ^^^^^^^^^^^^^^^^^^^^^^^^^^^^^^^^^^^^^^^^^^^^^
  File "/home/user/webapp/src/parlay_optimizer.py", line 68
    return {'error': f'Error analyzing parlays: {str(e)}'}\n    
                                                           ^
SyntaxError: unexpected character after line continuation character
Traceback (most recent call last):
  File "/home/user/webapp/run.py", line 1, in <module>
    from src.app import app
  File "/home/user/webapp/src/app.py", line 2, in <module>
    from .basketball_betting_helper import BasketballBettingHelper
  File "/home/user/webapp/src/basketball_betting_helper.py", line 14, in <module>
    from .parlay_optimizer import ParlayOptimizer 
    ^^^^^^^^^^^^^^^^^^^^^^^^^^^^^^^^^^^^^^^^^^^^^
  File "/home/user/webapp/src/parlay_optimizer.py", line 68
    return {'error': f'Error analyzing parlays: {str(e)}'}\n    
                                                           ^
SyntaxError: unexpected character after line continuation character
Traceback (most recent call last):
  File "/home/user/webapp/run.py", line 1, in <module>
    from src.app import app
  File "/home/user/webapp/src/app.py", line 2, in <module>
    from .basketball_betting_helper import BasketballBettingHelper
  File "/home/user/webapp/src/basketball_betting_helper.py", line 14, in <module>
    from .parlay_optimizer import ParlayOptimizer 
    ^^^^^^^^^^^^^^^^^^^^^^^^^^^^^^^^^^^^^^^^^^^^^
  File "/home/user/webapp/src/parlay_optimizer.py", line 68
    return {'error': f'Error analyzing parlays: {str(e)}'}\n    
                                                           ^
SyntaxError: unexpected character after line continuation character
Traceback (most recent call last):
  File "/home/user/webapp/run.py", line 1, in <module>
    from src.app import app
  File "/home/user/webapp/src/app.py", line 2, in <module>
    from .basketball_betting_helper import BasketballBettingHelper
  File "/home/user/webapp/src/basketball_betting_helper.py", line 14, in <module>
    from .parlay_optimizer import ParlayOptimizer 
    ^^^^^^^^^^^^^^^^^^^^^^^^^^^^^^^^^^^^^^^^^^^^^
  File "/home/user/webapp/src/parlay_optimizer.py", line 68
    return {'error': f'Error analyzing parlays: {str(e)}'}\n    
                                                           ^
SyntaxError: unexpected character after line continuation character
Traceback (most recent call last):
  File "/home/user/webapp/run.py", line 1, in <module>
    from src.app import app
  File "/home/user/webapp/src/app.py", line 2, in <module>
    from .basketball_betting_helper import BasketballBettingHelper
  File "/home/user/webapp/src/basketball_betting_helper.py", line 14, in <module>
    from .parlay_optimizer import ParlayOptimizer 
    ^^^^^^^^^^^^^^^^^^^^^^^^^^^^^^^^^^^^^^^^^^^^^
  File "/home/user/webapp/src/parlay_optimizer.py", line 68
    return {'error': f'Error analyzing parlays: {str(e)}'}\n    
                                                           ^
SyntaxError: unexpected character after line continuation character
Traceback (most recent call last):
  File "/home/user/webapp/run.py", line 1, in <module>
    from src.app import app
  File "/home/user/webapp/src/app.py", line 2, in <module>
    from .basketball_betting_helper import BasketballBettingHelper
  File "/home/user/webapp/src/basketball_betting_helper.py", line 14, in <module>
    from .parlay_optimizer import ParlayOptimizer 
    ^^^^^^^^^^^^^^^^^^^^^^^^^^^^^^^^^^^^^^^^^^^^^
  File "/home/user/webapp/src/parlay_optimizer.py", line 68
    return {'error': f'Error analyzing parlays: {str(e)}'}\n    
                                                           ^
SyntaxError: unexpected character after line continuation character
Traceback (most recent call last):
  File "/home/user/webapp/run.py", line 1, in <module>
    from src.app import app
  File "/home/user/webapp/src/app.py", line 2, in <module>
    from .basketball_betting_helper import BasketballBettingHelper
  File "/home/user/webapp/src/basketball_betting_helper.py", line 14, in <module>
    from .parlay_optimizer import ParlayOptimizer 
    ^^^^^^^^^^^^^^^^^^^^^^^^^^^^^^^^^^^^^^^^^^^^^
  File "/home/user/webapp/src/parlay_optimizer.py", line 68
    return {'error': f'Error analyzing parlays: {str(e)}'}\n    
                                                           ^
SyntaxError: unexpected character after line continuation character
Traceback (most recent call last):
  File "/home/user/webapp/run.py", line 1, in <module>
    from src.app import app
  File "/home/user/webapp/src/app.py", line 2, in <module>
    from .basketball_betting_helper import BasketballBettingHelper
  File "/home/user/webapp/src/basketball_betting_helper.py", line 14, in <module>
    from .parlay_optimizer import ParlayOptimizer 
    ^^^^^^^^^^^^^^^^^^^^^^^^^^^^^^^^^^^^^^^^^^^^^
  File "/home/user/webapp/src/parlay_optimizer.py", line 68
    return {'error': f'Error analyzing parlays: {str(e)}'}\n    
                                                           ^
SyntaxError: unexpected character after line continuation character
Traceback (most recent call last):
  File "/home/user/webapp/run.py", line 1, in <module>
    from src.app import app
  File "/home/user/webapp/src/app.py", line 2, in <module>
    from .basketball_betting_helper import BasketballBettingHelper
  File "/home/user/webapp/src/basketball_betting_helper.py", line 14, in <module>
    from .parlay_optimizer import ParlayOptimizer 
    ^^^^^^^^^^^^^^^^^^^^^^^^^^^^^^^^^^^^^^^^^^^^^
  File "/home/user/webapp/src/parlay_optimizer.py", line 68
    return {'error': f'Error analyzing parlays: {str(e)}'}\n    
                                                           ^
SyntaxError: unexpected character after line continuation character
Traceback (most recent call last):
  File "/home/user/webapp/run.py", line 1, in <module>
    from src.app import app
  File "/home/user/webapp/src/app.py", line 2, in <module>
    from .basketball_betting_helper import BasketballBettingHelper
  File "/home/user/webapp/src/basketball_betting_helper.py", line 14, in <module>
    from .parlay_optimizer import ParlayOptimizer 
    ^^^^^^^^^^^^^^^^^^^^^^^^^^^^^^^^^^^^^^^^^^^^^
  File "/home/user/webapp/src/parlay_optimizer.py", line 68
    return {'error': f'Error analyzing parlays: {str(e)}'}\n    
                                                           ^
SyntaxError: unexpected character after line continuation character
Traceback (most recent call last):
  File "/home/user/webapp/run.py", line 1, in <module>
    from src.app import app
  File "/home/user/webapp/src/app.py", line 2, in <module>
    from .basketball_betting_helper import BasketballBettingHelper
  File "/home/user/webapp/src/basketball_betting_helper.py", line 14, in <module>
    from .parlay_optimizer import ParlayOptimizer 
    ^^^^^^^^^^^^^^^^^^^^^^^^^^^^^^^^^^^^^^^^^^^^^
  File "/home/user/webapp/src/parlay_optimizer.py", line 68
    return {'error': f'Error analyzing parlays: {str(e)}'}\n    
                                                           ^
SyntaxError: unexpected character after line continuation character
Traceback (most recent call last):
  File "/home/user/webapp/run.py", line 1, in <module>
    from src.app import app
  File "/home/user/webapp/src/app.py", line 2, in <module>
    from .basketball_betting_helper import BasketballBettingHelper
  File "/home/user/webapp/src/basketball_betting_helper.py", line 14, in <module>
    from .parlay_optimizer import ParlayOptimizer 
    ^^^^^^^^^^^^^^^^^^^^^^^^^^^^^^^^^^^^^^^^^^^^^
  File "/home/user/webapp/src/parlay_optimizer.py", line 68
    return {'error': f'Error analyzing parlays: {str(e)}'}\n    
                                                           ^
SyntaxError: unexpected character after line continuation character
Traceback (most recent call last):
  File "/home/user/webapp/run.py", line 1, in <module>
    from src.app import app
  File "/home/user/webapp/src/app.py", line 2, in <module>
    from .basketball_betting_helper import BasketballBettingHelper
  File "/home/user/webapp/src/basketball_betting_helper.py", line 14, in <module>
    from .parlay_optimizer import ParlayOptimizer 
    ^^^^^^^^^^^^^^^^^^^^^^^^^^^^^^^^^^^^^^^^^^^^^
  File "/home/user/webapp/src/parlay_optimizer.py", line 68
    return {'error': f'Error analyzing parlays: {str(e)}'}\n    
                                                           ^
SyntaxError: unexpected character after line continuation character
Traceback (most recent call last):
  File "/home/user/webapp/run.py", line 1, in <module>
    from src.app import app
  File "/home/user/webapp/src/app.py", line 2, in <module>
    from .basketball_betting_helper import BasketballBettingHelper
  File "/home/user/webapp/src/basketball_betting_helper.py", line 14, in <module>
    from .parlay_optimizer import ParlayOptimizer 
    ^^^^^^^^^^^^^^^^^^^^^^^^^^^^^^^^^^^^^^^^^^^^^
  File "/home/user/webapp/src/parlay_optimizer.py", line 68
    return {'error': f'Error analyzing parlays: {str(e)}'}\n    
                                                           ^
SyntaxError: unexpected character after line continuation character
Traceback (most recent call last):
  File "/home/user/webapp/run.py", line 1, in <module>
    from src.app import app
  File "/home/user/webapp/src/app.py", line 2, in <module>
    from .basketball_betting_helper import BasketballBettingHelper
  File "/home/user/webapp/src/basketball_betting_helper.py", line 14, in <module>
    from .parlay_optimizer import ParlayOptimizer 
    ^^^^^^^^^^^^^^^^^^^^^^^^^^^^^^^^^^^^^^^^^^^^^
  File "/home/user/webapp/src/parlay_optimizer.py", line 68
    return {'error': f'Error analyzing parlays: {str(e)}'}\n    
                                                           ^
SyntaxError: unexpected character after line continuation character
Traceback (most recent call last):
  File "/home/user/webapp/run.py", line 1, in <module>
    from src.app import app
  File "/home/user/webapp/src/app.py", line 2, in <module>
    from .basketball_betting_helper import BasketballBettingHelper
  File "/home/user/webapp/src/basketball_betting_helper.py", line 14, in <module>
    from .parlay_optimizer import ParlayOptimizer 
    ^^^^^^^^^^^^^^^^^^^^^^^^^^^^^^^^^^^^^^^^^^^^^
  File "/home/user/webapp/src/parlay_optimizer.py", line 68
    return {'error': f'Error analyzing parlays: {str(e)}'}\n    
                                                           ^
SyntaxError: unexpected character after line continuation character
Traceback (most recent call last):
  File "/home/user/webapp/run.py", line 1, in <module>
    from src.app import app
  File "/home/user/webapp/src/app.py", line 2, in <module>
    from .basketball_betting_helper import BasketballBettingHelper
  File "/home/user/webapp/src/basketball_betting_helper.py", line 14, in <module>
    from .parlay_optimizer import ParlayOptimizer 
    ^^^^^^^^^^^^^^^^^^^^^^^^^^^^^^^^^^^^^^^^^^^^^
  File "/home/user/webapp/src/parlay_optimizer.py", line 68
    return {'error': f'Error analyzing parlays: {str(e)}'}\n    
                                                           ^
SyntaxError: unexpected character after line continuation character
Traceback (most recent call last):
  File "/home/user/webapp/run.py", line 1, in <module>
    from src.app import app
  File "/home/user/webapp/src/app.py", line 2, in <module>
    from .basketball_betting_helper import BasketballBettingHelper
  File "/home/user/webapp/src/basketball_betting_helper.py", line 14, in <module>
    from .parlay_optimizer import ParlayOptimizer 
    ^^^^^^^^^^^^^^^^^^^^^^^^^^^^^^^^^^^^^^^^^^^^^
  File "/home/user/webapp/src/parlay_optimizer.py", line 68
    return {'error': f'Error analyzing parlays: {str(e)}'}\n    
                                                           ^
SyntaxError: unexpected character after line continuation character
Traceback (most recent call last):
  File "/home/user/webapp/run.py", line 1, in <module>
    from src.app import app
  File "/home/user/webapp/src/app.py", line 2, in <module>
    from .basketball_betting_helper import BasketballBettingHelper
  File "/home/user/webapp/src/basketball_betting_helper.py", line 14, in <module>
    from .parlay_optimizer import ParlayOptimizer 
    ^^^^^^^^^^^^^^^^^^^^^^^^^^^^^^^^^^^^^^^^^^^^^
  File "/home/user/webapp/src/parlay_optimizer.py", line 68
    return {'error': f'Error analyzing parlays: {str(e)}'}\n    
                                                           ^
SyntaxError: unexpected character after line continuation character
Traceback (most recent call last):
  File "/home/user/webapp/run.py", line 1, in <module>
    from src.app import app
  File "/home/user/webapp/src/app.py", line 2, in <module>
    from .basketball_betting_helper import BasketballBettingHelper
  File "/home/user/webapp/src/basketball_betting_helper.py", line 14, in <module>
    from .parlay_optimizer import ParlayOptimizer 
    ^^^^^^^^^^^^^^^^^^^^^^^^^^^^^^^^^^^^^^^^^^^^^
  File "/home/user/webapp/src/parlay_optimizer.py", line 68
    return {'error': f'Error analyzing parlays: {str(e)}'}\n    
                                                           ^
SyntaxError: unexpected character after line continuation character
Traceback (most recent call last):
  File "/home/user/webapp/run.py", line 1, in <module>
    from src.app import app
  File "/home/user/webapp/src/app.py", line 2, in <module>
    from .basketball_betting_helper import BasketballBettingHelper
  File "/home/user/webapp/src/basketball_betting_helper.py", line 14, in <module>
    from .parlay_optimizer import ParlayOptimizer 
    ^^^^^^^^^^^^^^^^^^^^^^^^^^^^^^^^^^^^^^^^^^^^^
  File "/home/user/webapp/src/parlay_optimizer.py", line 70
    def _analyze_parlay_combination(self, props_combo):\n        \"\"\"Analyze a specific parlay combination\"\"\"\n        try:\n            # Calculate individual probabilities\n            individual_probs = []\n            individual_edges = []\n            prop_details = []\n            \n            for prop in props_combo:\n                prob = prop.get('over_probability', 0.5)\n                edge = prop.get('edge', 0)\n                confidence = prop.get('confidence_score', 50)\n                \n                individual_probs.append(prob)\n                individual_edges.append(edge)\n                prop_details.append({\n                    'player': prop.get('player_name', 'Unknown'),\n                    'prop_type': prop.get('prop_type', 'Unknown'),\n                    'line': prop.get('line', 0),\n                    'recommendation': prop.get('recommendation', 'PASS'),\n                    'probability': prob,\n                    'confidence': confidence\n  
                                                        ^
SyntaxError: unexpected character after line continuation character
Traceback (most recent call last):
  File "/home/user/webapp/run.py", line 1, in <module>
    from src.app import app
  File "/home/user/webapp/src/app.py", line 2, in <module>
    from .basketball_betting_helper import BasketballBettingHelper
  File "/home/user/webapp/src/basketball_betting_helper.py", line 14, in <module>
    from .parlay_optimizer import ParlayOptimizer 
    ^^^^^^^^^^^^^^^^^^^^^^^^^^^^^^^^^^^^^^^^^^^^^
  File "/home/user/webapp/src/parlay_optimizer.py", line 70
    def _analyze_parlay_combination(self, props_combo):\n        \"\"\"Analyze a specific parlay combination\"\"\"\n        try:\n            # Calculate individual probabilities\n            individual_probs = []\n            individual_edges = []\n            prop_details = []\n            \n            for prop in props_combo:\n                prob = prop.get('over_probability', 0.5)\n                edge = prop.get('edge', 0)\n                confidence = prop.get('confidence_score', 50)\n                \n                individual_probs.append(prob)\n                individual_edges.append(edge)\n                prop_details.append({\n                    'player': prop.get('player_name', 'Unknown'),\n                    'prop_type': prop.get('prop_type', 'Unknown'),\n                    'line': prop.get('line', 0),\n                    'recommendation': prop.get('recommendation', 'PASS'),\n                    'probability': prob,\n                    'confidence': confidence\n  
                                                        ^
SyntaxError: unexpected character after line continuation character
Traceback (most recent call last):
  File "/home/user/webapp/run.py", line 1, in <module>
    from src.app import app
  File "/home/user/webapp/src/app.py", line 2, in <module>
    from .basketball_betting_helper import BasketballBettingHelper
  File "/home/user/webapp/src/basketball_betting_helper.py", line 14, in <module>
    from .parlay_optimizer import ParlayOptimizer 
    ^^^^^^^^^^^^^^^^^^^^^^^^^^^^^^^^^^^^^^^^^^^^^
  File "/home/user/webapp/src/parlay_optimizer.py", line 70
    def _analyze_parlay_combination(self, props_combo):\n        \"\"\"Analyze a specific parlay combination\"\"\"\n        try:\n            # Calculate individual probabilities\n            individual_probs = []\n            individual_edges = []\n            prop_details = []\n            \n            for prop in props_combo:\n                prob = prop.get('over_probability', 0.5)\n                edge = prop.get('edge', 0)\n                confidence = prop.get('confidence_score', 50)\n                \n                individual_probs.append(prob)\n                individual_edges.append(edge)\n                prop_details.append({\n                    'player': prop.get('player_name', 'Unknown'),\n                    'prop_type': prop.get('prop_type', 'Unknown'),\n                    'line': prop.get('line', 0),\n                    'recommendation': prop.get('recommendation', 'PASS'),\n                    'probability': prob,\n                    'confidence': confidence\n  
                                                        ^
SyntaxError: unexpected character after line continuation character
Traceback (most recent call last):
  File "/home/user/webapp/run.py", line 1, in <module>
    from src.app import app
  File "/home/user/webapp/src/app.py", line 2, in <module>
    from .basketball_betting_helper import BasketballBettingHelper
  File "/home/user/webapp/src/basketball_betting_helper.py", line 14, in <module>
    from .parlay_optimizer import ParlayOptimizer 
    ^^^^^^^^^^^^^^^^^^^^^^^^^^^^^^^^^^^^^^^^^^^^^
  File "/home/user/webapp/src/parlay_optimizer.py", line 70
    def _analyze_parlay_combination(self, props_combo):\n        \"\"\"Analyze a specific parlay combination\"\"\"\n        try:\n            # Calculate individual probabilities\n            individual_probs = []\n            individual_edges = []\n            prop_details = []\n            \n            for prop in props_combo:\n                prob = prop.get('over_probability', 0.5)\n                edge = prop.get('edge', 0)\n                confidence = prop.get('confidence_score', 50)\n                \n                individual_probs.append(prob)\n                individual_edges.append(edge)\n                prop_details.append({\n                    'player': prop.get('player_name', 'Unknown'),\n                    'prop_type': prop.get('prop_type', 'Unknown'),\n                    'line': prop.get('line', 0),\n                    'recommendation': prop.get('recommendation', 'PASS'),\n                    'probability': prob,\n                    'confidence': confidence\n  
                                                        ^
SyntaxError: unexpected character after line continuation character
Traceback (most recent call last):
  File "/home/user/webapp/run.py", line 1, in <module>
    from src.app import app
  File "/home/user/webapp/src/app.py", line 2, in <module>
    from .basketball_betting_helper import BasketballBettingHelper
  File "/home/user/webapp/src/basketball_betting_helper.py", line 14, in <module>
    from .parlay_optimizer import ParlayOptimizer 
    ^^^^^^^^^^^^^^^^^^^^^^^^^^^^^^^^^^^^^^^^^^^^^
  File "/home/user/webapp/src/parlay_optimizer.py", line 70
    def _analyze_parlay_combination(self, props_combo):\n        \"\"\"Analyze a specific parlay combination\"\"\"\n        try:\n            # Calculate individual probabilities\n            individual_probs = []\n            individual_edges = []\n            prop_details = []\n            \n            for prop in props_combo:\n                prob = prop.get('over_probability', 0.5)\n                edge = prop.get('edge', 0)\n                confidence = prop.get('confidence_score', 50)\n                \n                individual_probs.append(prob)\n                individual_edges.append(edge)\n                prop_details.append({\n                    'player': prop.get('player_name', 'Unknown'),\n                    'prop_type': prop.get('prop_type', 'Unknown'),\n                    'line': prop.get('line', 0),\n                    'recommendation': prop.get('recommendation', 'PASS'),\n                    'probability': prob,\n                    'confidence': confidence\n  
                                                        ^
SyntaxError: unexpected character after line continuation character
Traceback (most recent call last):
  File "/home/user/webapp/run.py", line 1, in <module>
    from src.app import app
  File "/home/user/webapp/src/app.py", line 2, in <module>
    from .basketball_betting_helper import BasketballBettingHelper
  File "/home/user/webapp/src/basketball_betting_helper.py", line 14, in <module>
    from .parlay_optimizer import ParlayOptimizer 
    ^^^^^^^^^^^^^^^^^^^^^^^^^^^^^^^^^^^^^^^^^^^^^
  File "/home/user/webapp/src/parlay_optimizer.py", line 70
    def _analyze_parlay_combination(self, props_combo):\n        \"\"\"Analyze a specific parlay combination\"\"\"\n        try:\n            # Calculate individual probabilities\n            individual_probs = []\n            individual_edges = []\n            prop_details = []\n            \n            for prop in props_combo:\n                prob = prop.get('over_probability', 0.5)\n                edge = prop.get('edge', 0)\n                confidence = prop.get('confidence_score', 50)\n                \n                individual_probs.append(prob)\n                individual_edges.append(edge)\n                prop_details.append({\n                    'player': prop.get('player_name', 'Unknown'),\n                    'prop_type': prop.get('prop_type', 'Unknown'),\n                    'line': prop.get('line', 0),\n                    'recommendation': prop.get('recommendation', 'PASS'),\n                    'probability': prob,\n                    'confidence': confidence\n  
                                                        ^
SyntaxError: unexpected character after line continuation character
Traceback (most recent call last):
  File "/home/user/webapp/run.py", line 1, in <module>
    from src.app import app
  File "/home/user/webapp/src/app.py", line 2, in <module>
    from .basketball_betting_helper import BasketballBettingHelper
  File "/home/user/webapp/src/basketball_betting_helper.py", line 14, in <module>
    from .parlay_optimizer import ParlayOptimizer 
    ^^^^^^^^^^^^^^^^^^^^^^^^^^^^^^^^^^^^^^^^^^^^^
  File "/home/user/webapp/src/parlay_optimizer.py", line 70
    def _analyze_parlay_combination(self, props_combo):\n        \"\"\"Analyze a specific parlay combination\"\"\"\n        try:\n            # Calculate individual probabilities\n            individual_probs = []\n            individual_edges = []\n            prop_details = []\n            \n            for prop in props_combo:\n                prob = prop.get('over_probability', 0.5)\n                edge = prop.get('edge', 0)\n                confidence = prop.get('confidence_score', 50)\n                \n                individual_probs.append(prob)\n                individual_edges.append(edge)\n                prop_details.append({\n                    'player': prop.get('player_name', 'Unknown'),\n                    'prop_type': prop.get('prop_type', 'Unknown'),\n                    'line': prop.get('line', 0),\n                    'recommendation': prop.get('recommendation', 'PASS'),\n                    'probability': prob,\n                    'confidence': confidence\n  
                                                        ^
SyntaxError: unexpected character after line continuation character
Traceback (most recent call last):
  File "/home/user/webapp/run.py", line 1, in <module>
    from src.app import app
  File "/home/user/webapp/src/app.py", line 2, in <module>
    from .basketball_betting_helper import BasketballBettingHelper
  File "/home/user/webapp/src/basketball_betting_helper.py", line 14, in <module>
    from .parlay_optimizer import ParlayOptimizer 
    ^^^^^^^^^^^^^^^^^^^^^^^^^^^^^^^^^^^^^^^^^^^^^
  File "/home/user/webapp/src/parlay_optimizer.py", line 70
    def _analyze_parlay_combination(self, props_combo):\n        \"\"\"Analyze a specific parlay combination\"\"\"\n        try:\n            # Calculate individual probabilities\n            individual_probs = []\n            individual_edges = []\n            prop_details = []\n            \n            for prop in props_combo:\n                prob = prop.get('over_probability', 0.5)\n                edge = prop.get('edge', 0)\n                confidence = prop.get('confidence_score', 50)\n                \n                individual_probs.append(prob)\n                individual_edges.append(edge)\n                prop_details.append({\n                    'player': prop.get('player_name', 'Unknown'),\n                    'prop_type': prop.get('prop_type', 'Unknown'),\n                    'line': prop.get('line', 0),\n                    'recommendation': prop.get('recommendation', 'PASS'),\n                    'probability': prob,\n                    'confidence': confidence\n  
                                                        ^
SyntaxError: unexpected character after line continuation character
Traceback (most recent call last):
  File "/home/user/webapp/run.py", line 1, in <module>
    from src.app import app
  File "/home/user/webapp/src/app.py", line 2, in <module>
    from .basketball_betting_helper import BasketballBettingHelper
  File "/home/user/webapp/src/basketball_betting_helper.py", line 14, in <module>
    from .parlay_optimizer import ParlayOptimizer 
    ^^^^^^^^^^^^^^^^^^^^^^^^^^^^^^^^^^^^^^^^^^^^^
  File "/home/user/webapp/src/parlay_optimizer.py", line 70
    def _analyze_parlay_combination(self, props_combo):\n        \"\"\"Analyze a specific parlay combination\"\"\"\n        try:\n            # Calculate individual probabilities\n            individual_probs = []\n            individual_edges = []\n            prop_details = []\n            \n            for prop in props_combo:\n                prob = prop.get('over_probability', 0.5)\n                edge = prop.get('edge', 0)\n                confidence = prop.get('confidence_score', 50)\n                \n                individual_probs.append(prob)\n                individual_edges.append(edge)\n                prop_details.append({\n                    'player': prop.get('player_name', 'Unknown'),\n                    'prop_type': prop.get('prop_type', 'Unknown'),\n                    'line': prop.get('line', 0),\n                    'recommendation': prop.get('recommendation', 'PASS'),\n                    'probability': prob,\n                    'confidence': confidence\n  
                                                        ^
SyntaxError: unexpected character after line continuation character
Traceback (most recent call last):
  File "/home/user/webapp/run.py", line 1, in <module>
    from src.app import app
  File "/home/user/webapp/src/app.py", line 2, in <module>
    from .basketball_betting_helper import BasketballBettingHelper
  File "/home/user/webapp/src/basketball_betting_helper.py", line 14, in <module>
    from .parlay_optimizer import ParlayOptimizer 
    ^^^^^^^^^^^^^^^^^^^^^^^^^^^^^^^^^^^^^^^^^^^^^
  File "/home/user/webapp/src/parlay_optimizer.py", line 70
    def _analyze_parlay_combination(self, props_combo):\n        \"\"\"Analyze a specific parlay combination\"\"\"\n        try:\n            # Calculate individual probabilities\n            individual_probs = []\n            individual_edges = []\n            prop_details = []\n            \n            for prop in props_combo:\n                prob = prop.get('over_probability', 0.5)\n                edge = prop.get('edge', 0)\n                confidence = prop.get('confidence_score', 50)\n                \n                individual_probs.append(prob)\n                individual_edges.append(edge)\n                prop_details.append({\n                    'player': prop.get('player_name', 'Unknown'),\n                    'prop_type': prop.get('prop_type', 'Unknown'),\n                    'line': prop.get('line', 0),\n                    'recommendation': prop.get('recommendation', 'PASS'),\n                    'probability': prob,\n                    'confidence': confidence\n  
                                                        ^
SyntaxError: unexpected character after line continuation character
Traceback (most recent call last):
  File "/home/user/webapp/run.py", line 1, in <module>
    from src.app import app
  File "/home/user/webapp/src/app.py", line 2, in <module>
    from .basketball_betting_helper import BasketballBettingHelper
  File "/home/user/webapp/src/basketball_betting_helper.py", line 14, in <module>
    from .parlay_optimizer import ParlayOptimizer 
    ^^^^^^^^^^^^^^^^^^^^^^^^^^^^^^^^^^^^^^^^^^^^^
  File "/home/user/webapp/src/parlay_optimizer.py", line 70
    def _analyze_parlay_combination(self, props_combo):\n        \"\"\"Analyze a specific parlay combination\"\"\"\n        try:\n            # Calculate individual probabilities\n            individual_probs = []\n            individual_edges = []\n            prop_details = []\n            \n            for prop in props_combo:\n                prob = prop.get('over_probability', 0.5)\n                edge = prop.get('edge', 0)\n                confidence = prop.get('confidence_score', 50)\n                \n                individual_probs.append(prob)\n                individual_edges.append(edge)\n                prop_details.append({\n                    'player': prop.get('player_name', 'Unknown'),\n                    'prop_type': prop.get('prop_type', 'Unknown'),\n                    'line': prop.get('line', 0),\n                    'recommendation': prop.get('recommendation', 'PASS'),\n                    'probability': prob,\n                    'confidence': confidence\n  
                                                        ^
SyntaxError: unexpected character after line continuation character
Traceback (most recent call last):
  File "/home/user/webapp/run.py", line 1, in <module>
    from src.app import app
  File "/home/user/webapp/src/app.py", line 2, in <module>
    from .basketball_betting_helper import BasketballBettingHelper
  File "/home/user/webapp/src/basketball_betting_helper.py", line 14, in <module>
    from .parlay_optimizer import ParlayOptimizer 
    ^^^^^^^^^^^^^^^^^^^^^^^^^^^^^^^^^^^^^^^^^^^^^
  File "/home/user/webapp/src/parlay_optimizer.py", line 70
    def _analyze_parlay_combination(self, props_combo):\n        \"\"\"Analyze a specific parlay combination\"\"\"\n        try:\n            # Calculate individual probabilities\n            individual_probs = []\n            individual_edges = []\n            prop_details = []\n            \n            for prop in props_combo:\n                prob = prop.get('over_probability', 0.5)\n                edge = prop.get('edge', 0)\n                confidence = prop.get('confidence_score', 50)\n                \n                individual_probs.append(prob)\n                individual_edges.append(edge)\n                prop_details.append({\n                    'player': prop.get('player_name', 'Unknown'),\n                    'prop_type': prop.get('prop_type', 'Unknown'),\n                    'line': prop.get('line', 0),\n                    'recommendation': prop.get('recommendation', 'PASS'),\n                    'probability': prob,\n                    'confidence': confidence\n  
                                                        ^
SyntaxError: unexpected character after line continuation character
Traceback (most recent call last):
  File "/home/user/webapp/run.py", line 1, in <module>
    from src.app import app
  File "/home/user/webapp/src/app.py", line 2, in <module>
    from .basketball_betting_helper import BasketballBettingHelper
  File "/home/user/webapp/src/basketball_betting_helper.py", line 14, in <module>
    from .parlay_optimizer import ParlayOptimizer 
    ^^^^^^^^^^^^^^^^^^^^^^^^^^^^^^^^^^^^^^^^^^^^^
  File "/home/user/webapp/src/parlay_optimizer.py", line 70
    def _analyze_parlay_combination(self, props_combo):\n        \"\"\"Analyze a specific parlay combination\"\"\"\n        try:\n            # Calculate individual probabilities\n            individual_probs = []\n            individual_edges = []\n            prop_details = []\n            \n            for prop in props_combo:\n                prob = prop.get('over_probability', 0.5)\n                edge = prop.get('edge', 0)\n                confidence = prop.get('confidence_score', 50)\n                \n                individual_probs.append(prob)\n                individual_edges.append(edge)\n                prop_details.append({\n                    'player': prop.get('player_name', 'Unknown'),\n                    'prop_type': prop.get('prop_type', 'Unknown'),\n                    'line': prop.get('line', 0),\n                    'recommendation': prop.get('recommendation', 'PASS'),\n                    'probability': prob,\n                    'confidence': confidence\n  
                                                        ^
SyntaxError: unexpected character after line continuation character
Traceback (most recent call last):
  File "/home/user/webapp/run.py", line 1, in <module>
    from src.app import app
  File "/home/user/webapp/src/app.py", line 2, in <module>
    from .basketball_betting_helper import BasketballBettingHelper
  File "/home/user/webapp/src/basketball_betting_helper.py", line 14, in <module>
    from .parlay_optimizer import ParlayOptimizer 
    ^^^^^^^^^^^^^^^^^^^^^^^^^^^^^^^^^^^^^^^^^^^^^
  File "/home/user/webapp/src/parlay_optimizer.py", line 70
    def _analyze_parlay_combination(self, props_combo):\n        \"\"\"Analyze a specific parlay combination\"\"\"\n        try:\n            # Calculate individual probabilities\n            individual_probs = []\n            individual_edges = []\n            prop_details = []\n            \n            for prop in props_combo:\n                prob = prop.get('over_probability', 0.5)\n                edge = prop.get('edge', 0)\n                confidence = prop.get('confidence_score', 50)\n                \n                individual_probs.append(prob)\n                individual_edges.append(edge)\n                prop_details.append({\n                    'player': prop.get('player_name', 'Unknown'),\n                    'prop_type': prop.get('prop_type', 'Unknown'),\n                    'line': prop.get('line', 0),\n                    'recommendation': prop.get('recommendation', 'PASS'),\n                    'probability': prob,\n                    'confidence': confidence\n  
                                                        ^
SyntaxError: unexpected character after line continuation character
Traceback (most recent call last):
  File "/home/user/webapp/run.py", line 1, in <module>
    from src.app import app
  File "/home/user/webapp/src/app.py", line 2, in <module>
    from .basketball_betting_helper import BasketballBettingHelper
  File "/home/user/webapp/src/basketball_betting_helper.py", line 14, in <module>
    from .parlay_optimizer import ParlayOptimizer 
    ^^^^^^^^^^^^^^^^^^^^^^^^^^^^^^^^^^^^^^^^^^^^^
  File "/home/user/webapp/src/parlay_optimizer.py", line 70
    def _analyze_parlay_combination(self, props_combo):\n        \"\"\"Analyze a specific parlay combination\"\"\"\n        try:\n            # Calculate individual probabilities\n            individual_probs = []\n            individual_edges = []\n            prop_details = []\n            \n            for prop in props_combo:\n                prob = prop.get('over_probability', 0.5)\n                edge = prop.get('edge', 0)\n                confidence = prop.get('confidence_score', 50)\n                \n                individual_probs.append(prob)\n                individual_edges.append(edge)\n                prop_details.append({\n                    'player': prop.get('player_name', 'Unknown'),\n                    'prop_type': prop.get('prop_type', 'Unknown'),\n                    'line': prop.get('line', 0),\n                    'recommendation': prop.get('recommendation', 'PASS'),\n                    'probability': prob,\n                    'confidence': confidence\n  
                                                        ^
SyntaxError: unexpected character after line continuation character
Traceback (most recent call last):
  File "/home/user/webapp/run.py", line 1, in <module>
    from src.app import app
  File "/home/user/webapp/src/app.py", line 2, in <module>
    from .basketball_betting_helper import BasketballBettingHelper
  File "/home/user/webapp/src/basketball_betting_helper.py", line 14, in <module>
    from .parlay_optimizer import ParlayOptimizer 
    ^^^^^^^^^^^^^^^^^^^^^^^^^^^^^^^^^^^^^^^^^^^^^
  File "/home/user/webapp/src/parlay_optimizer.py", line 70
    def _analyze_parlay_combination(self, props_combo):\n        \"\"\"Analyze a specific parlay combination\"\"\"\n        try:\n            # Calculate individual probabilities\n            individual_probs = []\n            individual_edges = []\n            prop_details = []\n            \n            for prop in props_combo:\n                prob = prop.get('over_probability', 0.5)\n                edge = prop.get('edge', 0)\n                confidence = prop.get('confidence_score', 50)\n                \n                individual_probs.append(prob)\n                individual_edges.append(edge)\n                prop_details.append({\n                    'player': prop.get('player_name', 'Unknown'),\n                    'prop_type': prop.get('prop_type', 'Unknown'),\n                    'line': prop.get('line', 0),\n                    'recommendation': prop.get('recommendation', 'PASS'),\n                    'probability': prob,\n                    'confidence': confidence\n  
                                                        ^
SyntaxError: unexpected character after line continuation character
Traceback (most recent call last):
  File "/home/user/webapp/run.py", line 1, in <module>
    from src.app import app
  File "/home/user/webapp/src/app.py", line 2, in <module>
    from .basketball_betting_helper import BasketballBettingHelper
  File "/home/user/webapp/src/basketball_betting_helper.py", line 14, in <module>
    from .parlay_optimizer import ParlayOptimizer 
    ^^^^^^^^^^^^^^^^^^^^^^^^^^^^^^^^^^^^^^^^^^^^^
  File "/home/user/webapp/src/parlay_optimizer.py", line 70
    def _analyze_parlay_combination(self, props_combo):\n        \"\"\"Analyze a specific parlay combination\"\"\"\n        try:\n            # Calculate individual probabilities\n            individual_probs = []\n            individual_edges = []\n            prop_details = []\n            \n            for prop in props_combo:\n                prob = prop.get('over_probability', 0.5)\n                edge = prop.get('edge', 0)\n                confidence = prop.get('confidence_score', 50)\n                \n                individual_probs.append(prob)\n                individual_edges.append(edge)\n                prop_details.append({\n                    'player': prop.get('player_name', 'Unknown'),\n                    'prop_type': prop.get('prop_type', 'Unknown'),\n                    'line': prop.get('line', 0),\n                    'recommendation': prop.get('recommendation', 'PASS'),\n                    'probability': prob,\n                    'confidence': confidence\n  
                                                        ^
SyntaxError: unexpected character after line continuation character
Traceback (most recent call last):
  File "/home/user/webapp/run.py", line 1, in <module>
    from src.app import app
  File "/home/user/webapp/src/app.py", line 2, in <module>
    from .basketball_betting_helper import BasketballBettingHelper
  File "/home/user/webapp/src/basketball_betting_helper.py", line 14, in <module>
    from .parlay_optimizer import ParlayOptimizer 
    ^^^^^^^^^^^^^^^^^^^^^^^^^^^^^^^^^^^^^^^^^^^^^
  File "/home/user/webapp/src/parlay_optimizer.py", line 70
    def _analyze_parlay_combination(self, props_combo):\n        \"\"\"Analyze a specific parlay combination\"\"\"\n        try:\n            # Calculate individual probabilities\n            individual_probs = []\n            individual_edges = []\n            prop_details = []\n            \n            for prop in props_combo:\n                prob = prop.get('over_probability', 0.5)\n                edge = prop.get('edge', 0)\n                confidence = prop.get('confidence_score', 50)\n                \n                individual_probs.append(prob)\n                individual_edges.append(edge)\n                prop_details.append({\n                    'player': prop.get('player_name', 'Unknown'),\n                    'prop_type': prop.get('prop_type', 'Unknown'),\n                    'line': prop.get('line', 0),\n                    'recommendation': prop.get('recommendation', 'PASS'),\n                    'probability': prob,\n                    'confidence': confidence\n  
                                                        ^
SyntaxError: unexpected character after line continuation character
Traceback (most recent call last):
  File "/home/user/webapp/run.py", line 1, in <module>
    from src.app import app
  File "/home/user/webapp/src/app.py", line 2, in <module>
    from .basketball_betting_helper import BasketballBettingHelper
  File "/home/user/webapp/src/basketball_betting_helper.py", line 14, in <module>
    from .parlay_optimizer import ParlayOptimizer 
    ^^^^^^^^^^^^^^^^^^^^^^^^^^^^^^^^^^^^^^^^^^^^^
  File "/home/user/webapp/src/parlay_optimizer.py", line 70
    def _analyze_parlay_combination(self, props_combo):\n        \"\"\"Analyze a specific parlay combination\"\"\"\n        try:\n            # Calculate individual probabilities\n            individual_probs = []\n            individual_edges = []\n            prop_details = []\n            \n            for prop in props_combo:\n                prob = prop.get('over_probability', 0.5)\n                edge = prop.get('edge', 0)\n                confidence = prop.get('confidence_score', 50)\n                \n                individual_probs.append(prob)\n                individual_edges.append(edge)\n                prop_details.append({\n                    'player': prop.get('player_name', 'Unknown'),\n                    'prop_type': prop.get('prop_type', 'Unknown'),\n                    'line': prop.get('line', 0),\n                    'recommendation': prop.get('recommendation', 'PASS'),\n                    'probability': prob,\n                    'confidence': confidence\n  
                                                        ^
SyntaxError: unexpected character after line continuation character
Traceback (most recent call last):
  File "/home/user/webapp/run.py", line 1, in <module>
    from src.app import app
  File "/home/user/webapp/src/app.py", line 2, in <module>
    from .basketball_betting_helper import BasketballBettingHelper
  File "/home/user/webapp/src/basketball_betting_helper.py", line 14, in <module>
    from .parlay_optimizer import ParlayOptimizer 
    ^^^^^^^^^^^^^^^^^^^^^^^^^^^^^^^^^^^^^^^^^^^^^
  File "/home/user/webapp/src/parlay_optimizer.py", line 70
    def _analyze_parlay_combination(self, props_combo):\n        \"\"\"Analyze a specific parlay combination\"\"\"\n        try:\n            # Calculate individual probabilities\n            individual_probs = []\n            individual_edges = []\n            prop_details = []\n            \n            for prop in props_combo:\n                prob = prop.get('over_probability', 0.5)\n                edge = prop.get('edge', 0)\n                confidence = prop.get('confidence_score', 50)\n                \n                individual_probs.append(prob)\n                individual_edges.append(edge)\n                prop_details.append({\n                    'player': prop.get('player_name', 'Unknown'),\n                    'prop_type': prop.get('prop_type', 'Unknown'),\n                    'line': prop.get('line', 0),\n                    'recommendation': prop.get('recommendation', 'PASS'),\n                    'probability': prob,\n                    'confidence': confidence\n  
                                                        ^
SyntaxError: unexpected character after line continuation character
Traceback (most recent call last):
  File "/home/user/webapp/run.py", line 1, in <module>
    from src.app import app
  File "/home/user/webapp/src/app.py", line 2, in <module>
    from .basketball_betting_helper import BasketballBettingHelper
  File "/home/user/webapp/src/basketball_betting_helper.py", line 14, in <module>
    from .parlay_optimizer import ParlayOptimizer 
    ^^^^^^^^^^^^^^^^^^^^^^^^^^^^^^^^^^^^^^^^^^^^^
  File "/home/user/webapp/src/parlay_optimizer.py", line 70
    def _analyze_parlay_combination(self, props_combo):\n        \"\"\"Analyze a specific parlay combination\"\"\"\n        try:\n            # Calculate individual probabilities\n            individual_probs = []\n            individual_edges = []\n            prop_details = []\n            \n            for prop in props_combo:\n                prob = prop.get('over_probability', 0.5)\n                edge = prop.get('edge', 0)\n                confidence = prop.get('confidence_score', 50)\n                \n                individual_probs.append(prob)\n                individual_edges.append(edge)\n                prop_details.append({\n                    'player': prop.get('player_name', 'Unknown'),\n                    'prop_type': prop.get('prop_type', 'Unknown'),\n                    'line': prop.get('line', 0),\n                    'recommendation': prop.get('recommendation', 'PASS'),\n                    'probability': prob,\n                    'confidence': confidence\n  
                                                        ^
SyntaxError: unexpected character after line continuation character
[2025-09-08 05:41:04,017] INFO in app: Basketball Betting Helper startup
[31m[1mWARNING: This is a development server. Do not use it in a production deployment. Use a production WSGI server instead.[0m
 * Running on all addresses (0.0.0.0)
 * Running on http://127.0.0.1:5000
 * Running on http://169.254.0.21:5000
[33mPress CTRL+C to quit[0m
 * Restarting with watchdog (inotify)
[2025-09-08 05:41:05,877] INFO in app: Basketball Betting Helper startup
 * Debugger is active!
 * Debugger PIN: 903-792-757
[2025-09-08 05:41:10,458] INFO in app: Basketball Betting Helper startup
[31m[1mWARNING: This is a development server. Do not use it in a production deployment. Use a production WSGI server instead.[0m
 * Running on all addresses (0.0.0.0)
 * Running on http://127.0.0.1:5000
 * Running on http://169.254.0.21:5000
[33mPress CTRL+C to quit[0m
 * Restarting with watchdog (inotify)
[2025-09-08 05:41:12,205] INFO in app: Basketball Betting Helper startup
 * Debugger is active!
 * Debugger PIN: 903-792-757
127.0.0.1 - - [08/Sep/2025 05:41:23] "GET /test_api HTTP/1.1" 200 -
10.12.30.250 - - [08/Sep/2025 05:44:30] "GET / HTTP/1.1" 200 -
10.12.30.250 - - [08/Sep/2025 05:44:30] "GET /css/enhanced_style.css HTTP/1.1" 200 -
10.12.30.250 - - [08/Sep/2025 05:44:32] "GET /bankroll/dashboard HTTP/1.1" 200 -
10.12.30.250 - - [08/Sep/2025 05:44:32] "GET /analytics/performance HTTP/1.1" 200 -
10.12.30.250 - - [08/Sep/2025 05:44:33] "[33mGET /favicon.ico HTTP/1.1[0m" 404 -
10.12.30.250 - - [08/Sep/2025 05:44:44] "POST /bankroll/initialize HTTP/1.1" 200 -
10.12.30.250 - - [08/Sep/2025 05:44:44] "GET /bankroll/dashboard HTTP/1.1" 200 -
 * Detected change in '/home/user/webapp/src/ai_models/tensorflow_predictor.py', reloading
 * Detected change in '/home/user/webapp/src/ai_models/tensorflow_predictor.py', reloading
 * Detected change in '/home/user/webapp/src/ai_models/tensorflow_predictor.py', reloading
 * Restarting with watchdog (inotify)
[2025-09-08 05:51:23,831] INFO in app: Basketball Betting Helper startup
 * Debugger is active!
 * Debugger PIN: 903-792-757
 * Detected change in '/home/user/webapp/src/ai_models/pytorch_predictor.py', reloading
 * Detected change in '/home/user/webapp/src/ai_models/pytorch_predictor.py', reloading
 * Detected change in '/home/user/webapp/src/ai_models/pytorch_predictor.py', reloading
 * Restarting with watchdog (inotify)
[2025-09-08 05:52:31,846] INFO in app: Basketball Betting Helper startup
 * Debugger is active!
 * Debugger PIN: 903-792-757
 * Detected change in '/home/user/webapp/src/cloud/aws_integration.py', reloading
 * Detected change in '/home/user/webapp/src/cloud/aws_integration.py', reloading
 * Detected change in '/home/user/webapp/src/cloud/aws_integration.py', reloading
 * Detected change in '/home/user/webapp/src/cloud/aws_integration.py', reloading
 * Detected change in '/home/user/webapp/src/cloud/aws_integration.py', reloading
 * Restarting with watchdog (inotify)
[2025-09-08 05:53:30,844] INFO in app: Basketball Betting Helper startup
 * Debugger is active!
 * Debugger PIN: 903-792-757
 * Detected change in '/home/user/webapp/src/live_data/odds_integration.py', reloading
 * Detected change in '/home/user/webapp/src/live_data/odds_integration.py', reloading
 * Detected change in '/home/user/webapp/src/live_data/odds_integration.py', reloading
 * Restarting with watchdog (inotify)
[2025-09-08 05:54:51,563] INFO in app: Basketball Betting Helper startup
 * Debugger is active!
 * Debugger PIN: 903-792-757
 * Detected change in '/home/user/webapp/src/auth/user_management.py', reloading
 * Detected change in '/home/user/webapp/src/auth/user_management.py', reloading
 * Detected change in '/home/user/webapp/src/auth/user_management.py', reloading
 * Restarting with watchdog (inotify)
[2025-09-08 05:56:15,477] INFO in app: Basketball Betting Helper startup
 * Debugger is active!
 * Debugger PIN: 903-792-757
 * Detected change in '/home/user/webapp/src/notifications/notification_system.py', reloading
 * Detected change in '/home/user/webapp/src/notifications/notification_system.py', reloading
 * Detected change in '/home/user/webapp/src/notifications/notification_system.py', reloading
 * Detected change in '/home/user/webapp/src/notifications/notification_system.py', reloading
 * Restarting with watchdog (inotify)
[2025-09-08 05:57:28,193] INFO in app: Basketball Betting Helper startup
 * Debugger is active!
 * Debugger PIN: 903-792-757
 * Detected change in '/home/user/webapp/src/basketball_betting_helper.py', reloading
 * Detected change in '/home/user/webapp/src/basketball_betting_helper.py', reloading
 * Detected change in '/home/user/webapp/src/basketball_betting_helper.py', reloading
 * Detected change in '/home/user/webapp/src/basketball_betting_helper.py', reloading
 * Restarting with watchdog (inotify)
Traceback (most recent call last):
  File "/home/user/webapp/run.py", line 1, in <module>
    from src.app import app
  File "/home/user/webapp/src/app.py", line 2, in <module>
    from .basketball_betting_helper import BasketballBettingHelper
  File "/home/user/webapp/src/basketball_betting_helper.py", line 384
    tf_prediction = await self._get_tensorflow_prediction(player_id, prop_type, line, stats)
                    ^^^^^^^^^^^^^^^^^^^^^^^^^^^^^^^^^^^^^^^^^^^^^^^^^^^^^^^^^^^^^^^^^^^^^^^^
SyntaxError: 'await' outside async function
Traceback (most recent call last):
  File "/home/user/webapp/run.py", line 1, in <module>
    from src.app import app
  File "/home/user/webapp/src/app.py", line 2, in <module>
    from .basketball_betting_helper import BasketballBettingHelper
  File "/home/user/webapp/src/basketball_betting_helper.py", line 384
    tf_prediction = await self._get_tensorflow_prediction(player_id, prop_type, line, stats)
                    ^^^^^^^^^^^^^^^^^^^^^^^^^^^^^^^^^^^^^^^^^^^^^^^^^^^^^^^^^^^^^^^^^^^^^^^^
SyntaxError: 'await' outside async function
Traceback (most recent call last):
  File "/home/user/webapp/run.py", line 1, in <module>
    from src.app import app
  File "/home/user/webapp/src/app.py", line 2, in <module>
    from .basketball_betting_helper import BasketballBettingHelper
  File "/home/user/webapp/src/basketball_betting_helper.py", line 384
    tf_prediction = await self._get_tensorflow_prediction(player_id, prop_type, line, stats)
                    ^^^^^^^^^^^^^^^^^^^^^^^^^^^^^^^^^^^^^^^^^^^^^^^^^^^^^^^^^^^^^^^^^^^^^^^^
SyntaxError: 'await' outside async function
Traceback (most recent call last):
  File "/home/user/webapp/run.py", line 1, in <module>
    from src.app import app
  File "/home/user/webapp/src/app.py", line 2, in <module>
    from .basketball_betting_helper import BasketballBettingHelper
  File "/home/user/webapp/src/basketball_betting_helper.py", line 384
    tf_prediction = await self._get_tensorflow_prediction(player_id, prop_type, line, stats)
                    ^^^^^^^^^^^^^^^^^^^^^^^^^^^^^^^^^^^^^^^^^^^^^^^^^^^^^^^^^^^^^^^^^^^^^^^^
SyntaxError: 'await' outside async function
Traceback (most recent call last):
  File "/home/user/webapp/run.py", line 1, in <module>
    from src.app import app
  File "/home/user/webapp/src/app.py", line 2, in <module>
    from .basketball_betting_helper import BasketballBettingHelper
  File "/home/user/webapp/src/basketball_betting_helper.py", line 384
    tf_prediction = await self._get_tensorflow_prediction(player_id, prop_type, line, stats)
                    ^^^^^^^^^^^^^^^^^^^^^^^^^^^^^^^^^^^^^^^^^^^^^^^^^^^^^^^^^^^^^^^^^^^^^^^^
SyntaxError: 'await' outside async function
Traceback (most recent call last):
  File "/home/user/webapp/run.py", line 1, in <module>
    from src.app import app
  File "/home/user/webapp/src/app.py", line 2, in <module>
    from .basketball_betting_helper import BasketballBettingHelper
  File "/home/user/webapp/src/basketball_betting_helper.py", line 384
    tf_prediction = await self._get_tensorflow_prediction(player_id, prop_type, line, stats)
                    ^^^^^^^^^^^^^^^^^^^^^^^^^^^^^^^^^^^^^^^^^^^^^^^^^^^^^^^^^^^^^^^^^^^^^^^^
SyntaxError: 'await' outside async function
Traceback (most recent call last):
  File "/home/user/webapp/run.py", line 1, in <module>
    from src.app import app
  File "/home/user/webapp/src/app.py", line 2, in <module>
    from .basketball_betting_helper import BasketballBettingHelper
  File "/home/user/webapp/src/basketball_betting_helper.py", line 384
    tf_prediction = await self._get_tensorflow_prediction(player_id, prop_type, line, stats)
                    ^^^^^^^^^^^^^^^^^^^^^^^^^^^^^^^^^^^^^^^^^^^^^^^^^^^^^^^^^^^^^^^^^^^^^^^^
SyntaxError: 'await' outside async function
Traceback (most recent call last):
  File "/home/user/webapp/run.py", line 1, in <module>
    from src.app import app
  File "/home/user/webapp/src/app.py", line 2, in <module>
    from .basketball_betting_helper import BasketballBettingHelper
  File "/home/user/webapp/src/basketball_betting_helper.py", line 384
    tf_prediction = await self._get_tensorflow_prediction(player_id, prop_type, line, stats)
                    ^^^^^^^^^^^^^^^^^^^^^^^^^^^^^^^^^^^^^^^^^^^^^^^^^^^^^^^^^^^^^^^^^^^^^^^^
SyntaxError: 'await' outside async function
Traceback (most recent call last):
  File "/home/user/webapp/run.py", line 1, in <module>
    from src.app import app
  File "/home/user/webapp/src/app.py", line 2, in <module>
    from .basketball_betting_helper import BasketballBettingHelper
  File "/home/user/webapp/src/basketball_betting_helper.py", line 384
    tf_prediction = await self._get_tensorflow_prediction(player_id, prop_type, line, stats)
                    ^^^^^^^^^^^^^^^^^^^^^^^^^^^^^^^^^^^^^^^^^^^^^^^^^^^^^^^^^^^^^^^^^^^^^^^^
SyntaxError: 'await' outside async function
Traceback (most recent call last):
  File "/home/user/webapp/run.py", line 1, in <module>
    from src.app import app
  File "/home/user/webapp/src/app.py", line 2, in <module>
    from .basketball_betting_helper import BasketballBettingHelper
  File "/home/user/webapp/src/basketball_betting_helper.py", line 737
    ai_insights[f\"{pred['model']}_insights\"] = pred['ai_insights']
                  ^
SyntaxError: unexpected character after line continuation character
Traceback (most recent call last):
  File "/home/user/webapp/run.py", line 1, in <module>
    from src.app import app
  File "/home/user/webapp/src/app.py", line 2, in <module>
    from .basketball_betting_helper import BasketballBettingHelper
  File "/home/user/webapp/src/basketball_betting_helper.py", line 737
    ai_insights[f\"{pred['model']}_insights\"] = pred['ai_insights']
                  ^
SyntaxError: unexpected character after line continuation character
Traceback (most recent call last):
  File "/home/user/webapp/run.py", line 1, in <module>
    from src.app import app
  File "/home/user/webapp/src/app.py", line 2, in <module>
    from .basketball_betting_helper import BasketballBettingHelper
  File "/home/user/webapp/src/basketball_betting_helper.py", line 737
    ai_insights[f\"{pred['model']}_insights\"] = pred['ai_insights']
                  ^
SyntaxError: unexpected character after line continuation character
Traceback (most recent call last):
  File "/home/user/webapp/run.py", line 1, in <module>
    from src.app import app
  File "/home/user/webapp/src/app.py", line 2, in <module>
    from .basketball_betting_helper import BasketballBettingHelper
  File "/home/user/webapp/src/basketball_betting_helper.py", line 737
    ai_insights[f\"{pred['model']}_insights\"] = pred['ai_insights']
                  ^
SyntaxError: unexpected character after line continuation character
Traceback (most recent call last):
  File "/home/user/webapp/run.py", line 1, in <module>
    from src.app import app
  File "/home/user/webapp/src/app.py", line 2, in <module>
    from .basketball_betting_helper import BasketballBettingHelper
  File "/home/user/webapp/src/basketball_betting_helper.py", line 737
    ai_insights[f\"{pred['model']}_insights\"] = pred['ai_insights']
                  ^
SyntaxError: unexpected character after line continuation character
Traceback (most recent call last):
  File "/home/user/webapp/run.py", line 1, in <module>
    from src.app import app
  File "/home/user/webapp/src/app.py", line 2, in <module>
    from .basketball_betting_helper import BasketballBettingHelper
  File "/home/user/webapp/src/basketball_betting_helper.py", line 737
    ai_insights[f\"{pred['model']}_insights\"] = pred['ai_insights']
                  ^
SyntaxError: unexpected character after line continuation character
Traceback (most recent call last):
  File "/home/user/webapp/run.py", line 1, in <module>
    from src.app import app
  File "/home/user/webapp/src/app.py", line 2, in <module>
    from .basketball_betting_helper import BasketballBettingHelper
  File "/home/user/webapp/src/basketball_betting_helper.py", line 737
    ai_insights[f\"{pred['model']}_insights\"] = pred['ai_insights']
                  ^
SyntaxError: unexpected character after line continuation character
Traceback (most recent call last):
  File "/home/user/webapp/run.py", line 1, in <module>
    from src.app import app
  File "/home/user/webapp/src/app.py", line 2, in <module>
    from .basketball_betting_helper import BasketballBettingHelper
  File "/home/user/webapp/src/basketball_betting_helper.py", line 737
    ai_insights[f\"{pred['model']}_insights\"] = pred['ai_insights']
                  ^
SyntaxError: unexpected character after line continuation character
[2025-09-11 22:33:58,440] INFO in app: Basketball Betting Helper startup
[31m[1mWARNING: This is a development server. Do not use it in a production deployment. Use a production WSGI server instead.[0m
 * Running on all addresses (0.0.0.0)
 * Running on http://127.0.0.1:5000
 * Running on http://169.254.0.21:5000
[33mPress CTRL+C to quit[0m
 * Restarting with watchdog (inotify)
[2025-09-11 22:34:00,467] INFO in app: Basketball Betting Helper startup
 * Debugger is active!
 * Debugger PIN: 141-989-138
10.12.174.242 - - [11/Sep/2025 22:34:06] "GET /sports/supported HTTP/1.1" 200 -
10.12.174.242 - - [11/Sep/2025 22:34:11] "GET /system/status HTTP/1.1" 200 -
10.12.246.252 - - [12/Sep/2025 19:11:37] "GET / HTTP/1.1" 200 -
10.12.246.252 - - [12/Sep/2025 19:11:37] "[36mGET /css/enhanced_style.css HTTP/1.1[0m" 304 -
10.12.246.252 - - [12/Sep/2025 19:11:38] "GET /analytics/performance HTTP/1.1" 200 -
10.12.246.252 - - [12/Sep/2025 19:11:38] "GET /bankroll/dashboard HTTP/1.1" 200 -
10.12.246.252 - - [12/Sep/2025 19:11:41] "POST /sports/switch HTTP/1.1" 200 -
[2025-09-12 19:11:43,610] ERROR in app: Error searching NFL players: 'NFLBettingHelper' object has no attribute 'get_player_suggestions'
10.12.246.252 - - [12/Sep/2025 19:11:43] "[35m[1mGET /nfl/search_players?q=ty HTTP/1.1[0m" 500 -
[2025-09-12 19:11:43,736] ERROR in app: Error searching NFL players: 'NFLBettingHelper' object has no attribute 'get_player_suggestions'
10.12.246.252 - - [12/Sep/2025 19:11:43] "[35m[1mGET /nfl/search_players?q=tyr HTTP/1.1[0m" 500 -
[2025-09-12 19:11:43,966] ERROR in app: Error searching NFL players: 'NFLBettingHelper' object has no attribute 'get_player_suggestions'
10.12.246.252 - - [12/Sep/2025 19:11:43] "[35m[1mGET /nfl/search_players?q=tyre HTTP/1.1[0m" 500 -
[2025-09-12 19:11:44,036] ERROR in app: Error searching NFL players: 'NFLBettingHelper' object has no attribute 'get_player_suggestions'
10.12.246.252 - - [12/Sep/2025 19:11:44] "[35m[1mGET /nfl/search_players?q=tyree HTTP/1.1[0m" 500 -
[2025-09-12 19:11:44,394] ERROR in app: Error searching NFL players: 'NFLBettingHelper' object has no attribute 'get_player_suggestions'
10.12.246.252 - - [12/Sep/2025 19:11:44] "[35m[1mGET /nfl/search_players?q=tyreek HTTP/1.1[0m" 500 -
[2025-09-12 19:11:45,943] ERROR in app: Error searching NFL players: 'NFLBettingHelper' object has no attribute 'get_player_suggestions'
10.12.246.252 - - [12/Sep/2025 19:11:45] "[35m[1mGET /nfl/search_players?q=tyreek%20 HTTP/1.1[0m" 500 -
[2025-09-12 19:11:46,361] ERROR in app: Error searching NFL players: 'NFLBettingHelper' object has no attribute 'get_player_suggestions'
10.12.246.252 - - [12/Sep/2025 19:11:46] "[35m[1mGET /nfl/search_players?q=tyreek%20h HTTP/1.1[0m" 500 -
[2025-09-12 19:11:46,758] ERROR in app: Error searching NFL players: 'NFLBettingHelper' object has no attribute 'get_player_suggestions'
10.12.246.252 - - [12/Sep/2025 19:11:46] "[35m[1mGET /nfl/search_players?q=tyreek%20hi HTTP/1.1[0m" 500 -
[2025-09-12 19:11:47,414] ERROR in app: Error searching NFL players: 'NFLBettingHelper' object has no attribute 'get_player_suggestions'
10.12.246.252 - - [12/Sep/2025 19:11:47] "[35m[1mGET /nfl/search_players?q=tyreek%20hil HTTP/1.1[0m" 500 -
[2025-09-12 19:11:47,604] ERROR in app: Error searching NFL players: 'NFLBettingHelper' object has no attribute 'get_player_suggestions'
10.12.246.252 - - [12/Sep/2025 19:11:47] "[35m[1mGET /nfl/search_players?q=tyreek%20hill HTTP/1.1[0m" 500 -
10.12.246.252 - - [12/Sep/2025 19:12:00] "POST /sports/switch HTTP/1.1" 200 -
10.12.246.252 - - [12/Sep/2025 19:12:02] "POST /sports/switch HTTP/1.1" 200 -
10.12.246.252 - - [12/Sep/2025 19:12:06] "POST /sports/switch HTTP/1.1" 200 -
10.12.246.252 - - [12/Sep/2025 19:12:07] "POST /sports/switch HTTP/1.1" 200 -
 * Detected change in '/home/user/webapp/src/nfl_betting_helper.py', reloading
 * Detected change in '/home/user/webapp/src/nfl_betting_helper.py', reloading
 * Detected change in '/home/user/webapp/src/nfl_betting_helper.py', reloading
 * Restarting with watchdog (inotify)
[2025-09-12 19:14:32,932] INFO in app: Basketball Betting Helper startup
 * Debugger is active!
 * Debugger PIN: 961-301-114
 * Detected change in '/home/user/webapp/src/app.py', reloading
 * Detected change in '/home/user/webapp/src/app.py', reloading
 * Detected change in '/home/user/webapp/src/app.py', reloading
 * Restarting with watchdog (inotify)
[2025-09-12 19:14:40,842] INFO in app: Basketball Betting Helper startup
 * Debugger is active!
 * Debugger PIN: 961-301-114
 * Detected change in '/home/user/webapp/src/app.py', reloading
 * Detected change in '/home/user/webapp/src/app.py', reloading
 * Detected change in '/home/user/webapp/src/app.py', reloading
 * Restarting with watchdog (inotify)
[2025-09-12 19:14:46,226] INFO in app: Basketball Betting Helper startup
 * Debugger is active!
 * Debugger PIN: 961-301-114
[2025-09-12 19:14:56,702] INFO in app: Basketball Betting Helper startup
[31m[1mWARNING: This is a development server. Do not use it in a production deployment. Use a production WSGI server instead.[0m
 * Running on all addresses (0.0.0.0)
 * Running on http://127.0.0.1:5000
 * Running on http://169.254.0.21:5000
[33mPress CTRL+C to quit[0m
 * Restarting with watchdog (inotify)
[2025-09-12 19:14:58,673] INFO in app: Basketball Betting Helper startup
 * Debugger is active!
 * Debugger PIN: 961-301-114
[2025-09-12 19:15:00,132] ERROR in app: Error getting NFL outdoor teams: 'NFLWeatherSystem' object has no attribute 'get_outdoor_stadium_teams'
10.12.246.252 - - [12/Sep/2025 19:15:00] "[35m[1mGET /nfl/teams/outdoor HTTP/1.1[0m" 500 -
 * Detected change in '/home/user/webapp/src/nfl_weather.py', reloading
 * Detected change in '/home/user/webapp/src/nfl_weather.py', reloading
 * Detected change in '/home/user/webapp/src/nfl_weather.py', reloading
 * Detected change in '/home/user/webapp/src/nfl_weather.py', reloading
 * Detected change in '/home/user/webapp/src/nfl_weather.py', reloading
 * Restarting with watchdog (inotify)
[2025-09-12 19:15:39,000] INFO in app: Basketball Betting Helper startup
 * Debugger is active!
 * Debugger PIN: 961-301-114
[2025-09-12 19:15:42,864] INFO in app: Basketball Betting Helper startup
[31m[1mWARNING: This is a development server. Do not use it in a production deployment. Use a production WSGI server instead.[0m
 * Running on all addresses (0.0.0.0)
 * Running on http://127.0.0.1:5000
 * Running on http://169.254.0.21:5000
[33mPress CTRL+C to quit[0m
 * Restarting with watchdog (inotify)
[2025-09-12 19:15:44,732] INFO in app: Basketball Betting Helper startup
 * Debugger is active!
 * Debugger PIN: 961-301-114
[2025-09-12 19:15:46,832] ERROR in app: Error getting NFL outdoor teams: 'NFLWeatherSystem' object has no attribute 'stadiums'
10.12.246.252 - - [12/Sep/2025 19:15:46] "[35m[1mGET /nfl/teams/outdoor HTTP/1.1[0m" 500 -
 * Detected change in '/home/user/webapp/src/nfl_weather.py', reloading
 * Detected change in '/home/user/webapp/src/nfl_weather.py', reloading
 * Detected change in '/home/user/webapp/src/nfl_weather.py', reloading
 * Restarting with watchdog (inotify)
[2025-09-12 19:15:59,122] INFO in app: Basketball Betting Helper startup
 * Debugger is active!
 * Debugger PIN: 961-301-114
[2025-09-12 19:16:02,759] INFO in app: Basketball Betting Helper startup
[31m[1mWARNING: This is a development server. Do not use it in a production deployment. Use a production WSGI server instead.[0m
 * Running on all addresses (0.0.0.0)
 * Running on http://127.0.0.1:5000
 * Running on http://169.254.0.21:5000
[33mPress CTRL+C to quit[0m
 * Restarting with watchdog (inotify)
[2025-09-12 19:16:04,691] INFO in app: Basketball Betting Helper startup
 * Debugger is active!
 * Debugger PIN: 961-301-114
10.12.246.252 - - [12/Sep/2025 19:16:05] "GET /nfl/teams/outdoor HTTP/1.1" 200 -
10.12.246.252 - - [12/Sep/2025 19:16:10] "POST /nfl/situational/divisional HTTP/1.1" 200 -
10.12.246.252 - - [12/Sep/2025 19:30:47] "GET / HTTP/1.1" 200 -
10.12.246.252 - - [12/Sep/2025 19:30:47] "[36mGET /css/enhanced_style.css HTTP/1.1[0m" 304 -
10.12.246.252 - - [12/Sep/2025 19:30:48] "GET /analytics/performance HTTP/1.1" 200 -
10.12.246.252 - - [12/Sep/2025 19:30:48] "GET /bankroll/dashboard HTTP/1.1" 200 -
10.12.246.252 - - [12/Sep/2025 19:30:54] "POST /sports/switch HTTP/1.1" 200 -
10.12.246.252 - - [12/Sep/2025 19:31:15] "POST /sports/switch HTTP/1.1" 200 -
10.12.246.252 - - [12/Sep/2025 19:31:16] "GET /search_players?q=br HTTP/1.1" 200 -
10.12.246.252 - - [12/Sep/2025 19:31:16] "GET /search_players?q=bra HTTP/1.1" 200 -
10.12.246.252 - - [12/Sep/2025 19:31:17] "GET /search_players?q=bran HTTP/1.1" 200 -
10.12.246.252 - - [12/Sep/2025 19:31:17] "GET /search_players?q=brand HTTP/1.1" 200 -
10.12.246.252 - - [12/Sep/2025 19:31:17] "GET /search_players?q=brando HTTP/1.1" 200 -
10.12.246.252 - - [12/Sep/2025 19:31:17] "GET /search_players?q=brandon HTTP/1.1" 200 -
10.12.246.252 - - [12/Sep/2025 19:31:18] "GET /search_players?q=brandon%20 HTTP/1.1" 200 -
10.12.246.252 - - [12/Sep/2025 19:31:19] "GET /search_players?q=brandon%20n HTTP/1.1" 200 -
10.12.246.252 - - [12/Sep/2025 19:31:19] "GET /search_players?q=brandon%20 HTTP/1.1" 200 -
10.12.246.252 - - [12/Sep/2025 19:31:20] "GET /search_players?q=brandon%20i HTTP/1.1" 200 -
10.12.246.252 - - [12/Sep/2025 19:31:20] "GET /search_players?q=brandon%20in HTTP/1.1" 200 -
 * Detected change in '/home/user/webapp/src/nfl_betting_helper.py', reloading
 * Detected change in '/home/user/webapp/src/nfl_betting_helper.py', reloading
 * Detected change in '/home/user/webapp/src/nfl_betting_helper.py', reloading
 * Detected change in '/home/user/webapp/src/nfl_betting_helper.py', reloading
 * Restarting with watchdog (inotify)
[2025-09-12 19:33:31,845] INFO in app: Basketball Betting Helper startup
 * Debugger is active!
 * Debugger PIN: 961-301-114
[2025-09-12 19:35:28,936] INFO in app: Basketball Betting Helper startup
[31m[1mWARNING: This is a development server. Do not use it in a production deployment. Use a production WSGI server instead.[0m
 * Running on all addresses (0.0.0.0)
 * Running on http://127.0.0.1:5000
 * Running on http://169.254.0.21:5000
[33mPress CTRL+C to quit[0m
 * Restarting with watchdog (inotify)
[2025-09-12 19:35:30,840] INFO in app: Basketball Betting Helper startup
 * Debugger is active!
 * Debugger PIN: 961-301-114
10.12.246.252 - - [12/Sep/2025 19:35:37] "GET /nfl/search_players?q=mahomes HTTP/1.1" 200 -
10.12.246.252 - - [12/Sep/2025 19:35:40] "GET /nfl/search_players?q=allen HTTP/1.1" 200 -
10.12.246.252 - - [12/Sep/2025 19:35:44] "GET /system/status HTTP/1.1" 200 -
